2025-12-12T18:51:40.968291Z  INFO tailwindcss_oxide::scanner: Provided sources:
2025-12-12T18:51:40.969534Z  INFO tailwindcss_oxide::scanner: Source: PublicSourceEntry { base: "C:\\Users\\tanmo\\Downloads\\sms\\sms2", pattern: "**/*", negated: false }
2025-12-12T18:51:40.970471Z  INFO tailwindcss_oxide::scanner: Optimized sources:
2025-12-12T18:51:40.970525Z  INFO tailwindcss_oxide::scanner: Source: Auto { base: "C:\\Users\\tanmo\\Downloads\\sms\\sms2" }
2025-12-12T18:51:40.975702Z  INFO scan_sources: tailwindcss_oxide::scanner: enter
2025-12-12T18:51:40.979813Z  INFO scan_sources: tailwindcss_oxide::scanner: Discovering "C:\\Users\\tanmo\\Downloads\\sms\\sms2\\.gitattributes"
2025-12-12T18:51:40.983228Z  INFO scan_sources: tailwindcss_oxide::scanner: Discovering "C:\\Users\\tanmo\\Downloads\\sms\\sms2\\app"
2025-12-12T18:51:40.984098Z  INFO scan_sources: tailwindcss_oxide::scanner: Discovering "C:\\Users\\tanmo\\Downloads\\sms\\sms2\\app\\admin"
2025-12-12T18:51:40.986180Z  INFO scan_sources: tailwindcss_oxide::scanner: Discovering "C:\\Users\\tanmo\\Downloads\\sms\\sms2\\app\\admin\\actions.ts"
2025-12-12T18:51:40.987258Z  INFO scan_sources: tailwindcss_oxide::scanner: Discovering "C:\\Users\\tanmo\\Downloads\\sms\\sms2\\app\\admin\\attendance"
2025-12-12T18:51:40.987628Z  INFO scan_sources: tailwindcss_oxide::scanner: Discovering "C:\\Users\\tanmo\\Downloads\\sms\\sms2\\app\\admin\\attendance\\page.tsx"
2025-12-12T18:51:40.987832Z  INFO scan_sources: tailwindcss_oxide::scanner: Discovering "C:\\Users\\tanmo\\Downloads\\sms\\sms2\\app\\admin\\layout.tsx"
2025-12-12T18:51:40.988081Z  INFO scan_sources: tailwindcss_oxide::scanner: Discovering "C:\\Users\\tanmo\\Downloads\\sms\\sms2\\app\\admin\\notices"
2025-12-12T18:51:40.988352Z  INFO scan_sources: tailwindcss_oxide::scanner: Discovering "C:\\Users\\tanmo\\Downloads\\sms\\sms2\\app\\admin\\notices\\page.tsx"
2025-12-12T18:51:40.988519Z  INFO scan_sources: tailwindcss_oxide::scanner: Discovering "C:\\Users\\tanmo\\Downloads\\sms\\sms2\\app\\admin\\page.tsx"
2025-12-12T18:51:40.988736Z  INFO scan_sources: tailwindcss_oxide::scanner: Discovering "C:\\Users\\tanmo\\Downloads\\sms\\sms2\\app\\admin\\projects"
2025-12-12T18:51:40.989034Z  INFO scan_sources: tailwindcss_oxide::scanner: Discovering "C:\\Users\\tanmo\\Downloads\\sms\\sms2\\app\\admin\\projects\\page.tsx"
2025-12-12T18:51:40.989300Z  INFO scan_sources: tailwindcss_oxide::scanner: Discovering "C:\\Users\\tanmo\\Downloads\\sms\\sms2\\app\\admin\\students"
2025-12-12T18:51:40.989575Z  INFO scan_sources: tailwindcss_oxide::scanner: Discovering "C:\\Users\\tanmo\\Downloads\\sms\\sms2\\app\\admin\\students\\loading.tsx"
2025-12-12T18:51:40.989715Z  INFO scan_sources: tailwindcss_oxide::scanner: Discovering "C:\\Users\\tanmo\\Downloads\\sms\\sms2\\app\\admin\\students\\page.tsx"
2025-12-12T18:51:40.990033Z  INFO scan_sources: tailwindcss_oxide::scanner: Discovering "C:\\Users\\tanmo\\Downloads\\sms\\sms2\\app\\admin\\teachers"
2025-12-12T18:51:40.990388Z  INFO scan_sources: tailwindcss_oxide::scanner: Discovering "C:\\Users\\tanmo\\Downloads\\sms\\sms2\\app\\admin\\teachers\\loading.tsx"
2025-12-12T18:51:40.990560Z  INFO scan_sources: tailwindcss_oxide::scanner: Discovering "C:\\Users\\tanmo\\Downloads\\sms\\sms2\\app\\admin\\teachers\\page.tsx"
2025-12-12T18:51:40.990909Z  INFO scan_sources: tailwindcss_oxide::scanner: Discovering "C:\\Users\\tanmo\\Downloads\\sms\\sms2\\app\\api"
2025-12-12T18:51:40.992650Z  INFO scan_sources: tailwindcss_oxide::scanner: Discovering "C:\\Users\\tanmo\\Downloads\\sms\\sms2\\app\\api\\attendance"
2025-12-12T18:51:40.993197Z  INFO scan_sources: tailwindcss_oxide::scanner: Discovering "C:\\Users\\tanmo\\Downloads\\sms\\sms2\\app\\api\\attendance\\route.ts"
2025-12-12T18:51:40.994975Z  INFO scan_sources: tailwindcss_oxide::scanner: Discovering "C:\\Users\\tanmo\\Downloads\\sms\\sms2\\app\\api\\attendance\\upsert"
2025-12-12T18:51:40.995449Z  INFO scan_sources: tailwindcss_oxide::scanner: Discovering "C:\\Users\\tanmo\\Downloads\\sms\\sms2\\app\\api\\attendance\\upsert\\route.ts"
2025-12-12T18:51:40.995841Z  INFO scan_sources: tailwindcss_oxide::scanner: Discovering "C:\\Users\\tanmo\\Downloads\\sms\\sms2\\app\\api\\attendance\\[id]"
2025-12-12T18:51:40.996318Z  INFO scan_sources: tailwindcss_oxide::scanner: Discovering "C:\\Users\\tanmo\\Downloads\\sms\\sms2\\app\\api\\attendance\\[id]\\route.ts"
2025-12-12T18:51:40.997436Z  INFO scan_sources: tailwindcss_oxide::scanner: Discovering "C:\\Users\\tanmo\\Downloads\\sms\\sms2\\app\\api\\auth"
2025-12-12T18:51:40.997951Z  INFO scan_sources: tailwindcss_oxide::scanner: Discovering "C:\\Users\\tanmo\\Downloads\\sms\\sms2\\app\\api\\auth\\logout"
2025-12-12T18:51:40.998310Z  INFO scan_sources: tailwindcss_oxide::scanner: Discovering "C:\\Users\\tanmo\\Downloads\\sms\\sms2\\app\\api\\auth\\logout\\route.ts"
2025-12-12T18:51:40.998637Z  INFO scan_sources: tailwindcss_oxide::scanner: Discovering "C:\\Users\\tanmo\\Downloads\\sms\\sms2\\app\\api\\auth\\session"
2025-12-12T18:51:40.998974Z  INFO scan_sources: tailwindcss_oxide::scanner: Discovering "C:\\Users\\tanmo\\Downloads\\sms\\sms2\\app\\api\\auth\\session\\route.ts"
2025-12-12T18:51:40.999393Z  INFO scan_sources: tailwindcss_oxide::scanner: Discovering "C:\\Users\\tanmo\\Downloads\\sms\\sms2\\app\\api\\notices"
2025-12-12T18:51:40.999730Z  INFO scan_sources: tailwindcss_oxide::scanner: Discovering "C:\\Users\\tanmo\\Downloads\\sms\\sms2\\app\\api\\notices\\route.ts"
2025-12-12T18:51:41.000025Z  INFO scan_sources: tailwindcss_oxide::scanner: Discovering "C:\\Users\\tanmo\\Downloads\\sms\\sms2\\app\\api\\notices\\[id]"
2025-12-12T18:51:41.000365Z  INFO scan_sources: tailwindcss_oxide::scanner: Discovering "C:\\Users\\tanmo\\Downloads\\sms\\sms2\\app\\api\\notices\\[id]\\route.ts"
2025-12-12T18:51:41.000700Z  INFO scan_sources: tailwindcss_oxide::scanner: Discovering "C:\\Users\\tanmo\\Downloads\\sms\\sms2\\app\\api\\projects"
2025-12-12T18:51:41.000995Z  INFO scan_sources: tailwindcss_oxide::scanner: Discovering "C:\\Users\\tanmo\\Downloads\\sms\\sms2\\app\\api\\projects\\route.ts"
2025-12-12T18:51:41.001251Z  INFO scan_sources: tailwindcss_oxide::scanner: Discovering "C:\\Users\\tanmo\\Downloads\\sms\\sms2\\app\\api\\projects\\[id]"
2025-12-12T18:51:41.001538Z  INFO scan_sources: tailwindcss_oxide::scanner: Discovering "C:\\Users\\tanmo\\Downloads\\sms\\sms2\\app\\api\\projects\\[id]\\route.ts"
2025-12-12T18:51:41.001846Z  INFO scan_sources: tailwindcss_oxide::scanner: Discovering "C:\\Users\\tanmo\\Downloads\\sms\\sms2\\app\\api\\students"
2025-12-12T18:51:41.002126Z  INFO scan_sources: tailwindcss_oxide::scanner: Discovering "C:\\Users\\tanmo\\Downloads\\sms\\sms2\\app\\api\\students\\route.ts"
2025-12-12T18:51:41.002349Z  INFO scan_sources: tailwindcss_oxide::scanner: Discovering "C:\\Users\\tanmo\\Downloads\\sms\\sms2\\app\\api\\students\\[id]"
2025-12-12T18:51:41.002650Z  INFO scan_sources: tailwindcss_oxide::scanner: Discovering "C:\\Users\\tanmo\\Downloads\\sms\\sms2\\app\\api\\students\\[id]\\route.ts"
2025-12-12T18:51:41.002966Z  INFO scan_sources: tailwindcss_oxide::scanner: Discovering "C:\\Users\\tanmo\\Downloads\\sms\\sms2\\app\\api\\teachers"
2025-12-12T18:51:41.003301Z  INFO scan_sources: tailwindcss_oxide::scanner: Discovering "C:\\Users\\tanmo\\Downloads\\sms\\sms2\\app\\api\\teachers\\route.ts"
2025-12-12T18:51:41.003532Z  INFO scan_sources: tailwindcss_oxide::scanner: Discovering "C:\\Users\\tanmo\\Downloads\\sms\\sms2\\app\\api\\teachers\\[id]"
2025-12-12T18:51:41.003816Z  INFO scan_sources: tailwindcss_oxide::scanner: Discovering "C:\\Users\\tanmo\\Downloads\\sms\\sms2\\app\\api\\teachers\\[id]\\route.ts"
2025-12-12T18:51:41.004115Z  INFO scan_sources: tailwindcss_oxide::scanner: Discovering "C:\\Users\\tanmo\\Downloads\\sms\\sms2\\app\\globals.css"
2025-12-12T18:51:41.004259Z  INFO scan_sources: tailwindcss_oxide::scanner: Discovering "C:\\Users\\tanmo\\Downloads\\sms\\sms2\\app\\layout.tsx"
2025-12-12T18:51:41.004548Z  INFO scan_sources: tailwindcss_oxide::scanner: Discovering "C:\\Users\\tanmo\\Downloads\\sms\\sms2\\app\\login"
2025-12-12T18:51:41.004859Z  INFO scan_sources: tailwindcss_oxide::scanner: Discovering "C:\\Users\\tanmo\\Downloads\\sms\\sms2\\app\\login\\actions.ts"
2025-12-12T18:51:41.005159Z  INFO scan_sources: tailwindcss_oxide::scanner: Discovering "C:\\Users\\tanmo\\Downloads\\sms\\sms2\\app\\login\\loading.tsx"
2025-12-12T18:51:41.005340Z  INFO scan_sources: tailwindcss_oxide::scanner: Discovering "C:\\Users\\tanmo\\Downloads\\sms\\sms2\\app\\login\\page.tsx"
2025-12-12T18:51:41.005580Z  INFO scan_sources: tailwindcss_oxide::scanner: Discovering "C:\\Users\\tanmo\\Downloads\\sms\\sms2\\app\\page.tsx"
2025-12-12T18:51:41.005838Z  INFO scan_sources: tailwindcss_oxide::scanner: Discovering "C:\\Users\\tanmo\\Downloads\\sms\\sms2\\app\\projects"
2025-12-12T18:51:41.006186Z  INFO scan_sources: tailwindcss_oxide::scanner: Discovering "C:\\Users\\tanmo\\Downloads\\sms\\sms2\\app\\projects\\page.tsx"
2025-12-12T18:51:41.006488Z  INFO scan_sources: tailwindcss_oxide::scanner: Discovering "C:\\Users\\tanmo\\Downloads\\sms\\sms2\\app\\student"
2025-12-12T18:51:41.006802Z  INFO scan_sources: tailwindcss_oxide::scanner: Discovering "C:\\Users\\tanmo\\Downloads\\sms\\sms2\\app\\student\\page.tsx"
2025-12-12T18:51:41.007088Z  INFO scan_sources: tailwindcss_oxide::scanner: Discovering "C:\\Users\\tanmo\\Downloads\\sms\\sms2\\app\\teacher"
2025-12-12T18:51:41.009938Z  INFO scan_sources: tailwindcss_oxide::scanner: Discovering "C:\\Users\\tanmo\\Downloads\\sms\\sms2\\app\\teacher\\page.tsx"
2025-12-12T18:51:41.010680Z  INFO scan_sources: tailwindcss_oxide::scanner: Discovering "C:\\Users\\tanmo\\Downloads\\sms\\sms2\\components"
2025-12-12T18:51:41.011305Z  INFO scan_sources: tailwindcss_oxide::scanner: Discovering "C:\\Users\\tanmo\\Downloads\\sms\\sms2\\components\\admin"
2025-12-12T18:51:41.011640Z  INFO scan_sources: tailwindcss_oxide::scanner: Discovering "C:\\Users\\tanmo\\Downloads\\sms\\sms2\\components\\admin\\sidebar.tsx"
2025-12-12T18:51:41.011882Z  INFO scan_sources: tailwindcss_oxide::scanner: Discovering "C:\\Users\\tanmo\\Downloads\\sms\\sms2\\components\\landing-hero.tsx"
2025-12-12T18:51:41.012035Z  INFO scan_sources: tailwindcss_oxide::scanner: Discovering "C:\\Users\\tanmo\\Downloads\\sms\\sms2\\components\\theme-provider.tsx"
2025-12-12T18:51:41.012307Z  INFO scan_sources: tailwindcss_oxide::scanner: Discovering "C:\\Users\\tanmo\\Downloads\\sms\\sms2\\components\\ui"
2025-12-12T18:51:41.012671Z  INFO scan_sources: tailwindcss_oxide::scanner: Discovering "C:\\Users\\tanmo\\Downloads\\sms\\sms2\\components\\ui\\accordion.tsx"
2025-12-12T18:51:41.012819Z  INFO scan_sources: tailwindcss_oxide::scanner: Discovering "C:\\Users\\tanmo\\Downloads\\sms\\sms2\\components\\ui\\alert-dialog.tsx"
2025-12-12T18:51:41.012954Z  INFO scan_sources: tailwindcss_oxide::scanner: Discovering "C:\\Users\\tanmo\\Downloads\\sms\\sms2\\components\\ui\\alert.tsx"
2025-12-12T18:51:41.013156Z  INFO scan_sources: tailwindcss_oxide::scanner: Discovering "C:\\Users\\tanmo\\Downloads\\sms\\sms2\\components\\ui\\aspect-ratio.tsx"
2025-12-12T18:51:41.013298Z  INFO scan_sources: tailwindcss_oxide::scanner: Discovering "C:\\Users\\tanmo\\Downloads\\sms\\sms2\\components\\ui\\avatar.tsx"
2025-12-12T18:51:41.013442Z  INFO scan_sources: tailwindcss_oxide::scanner: Discovering "C:\\Users\\tanmo\\Downloads\\sms\\sms2\\components\\ui\\badge.tsx"
2025-12-12T18:51:41.013576Z  INFO scan_sources: tailwindcss_oxide::scanner: Discovering "C:\\Users\\tanmo\\Downloads\\sms\\sms2\\components\\ui\\breadcrumb.tsx"
2025-12-12T18:51:41.013731Z  INFO scan_sources: tailwindcss_oxide::scanner: Discovering "C:\\Users\\tanmo\\Downloads\\sms\\sms2\\components\\ui\\button-group.tsx"
2025-12-12T18:51:41.013867Z  INFO scan_sources: tailwindcss_oxide::scanner: Discovering "C:\\Users\\tanmo\\Downloads\\sms\\sms2\\components\\ui\\button.tsx"
2025-12-12T18:51:41.013999Z  INFO scan_sources: tailwindcss_oxide::scanner: Discovering "C:\\Users\\tanmo\\Downloads\\sms\\sms2\\components\\ui\\calendar.tsx"
2025-12-12T18:51:41.014127Z  INFO scan_sources: tailwindcss_oxide::scanner: Discovering "C:\\Users\\tanmo\\Downloads\\sms\\sms2\\components\\ui\\card.tsx"
2025-12-12T18:51:41.014271Z  INFO scan_sources: tailwindcss_oxide::scanner: Discovering "C:\\Users\\tanmo\\Downloads\\sms\\sms2\\components\\ui\\carousel.tsx"
2025-12-12T18:51:41.014405Z  INFO scan_sources: tailwindcss_oxide::scanner: Discovering "C:\\Users\\tanmo\\Downloads\\sms\\sms2\\components\\ui\\chart.tsx"
2025-12-12T18:51:41.014539Z  INFO scan_sources: tailwindcss_oxide::scanner: Discovering "C:\\Users\\tanmo\\Downloads\\sms\\sms2\\components\\ui\\checkbox.tsx"
2025-12-12T18:51:41.014670Z  INFO scan_sources: tailwindcss_oxide::scanner: Discovering "C:\\Users\\tanmo\\Downloads\\sms\\sms2\\components\\ui\\collapsible.tsx"
2025-12-12T18:51:41.014800Z  INFO scan_sources: tailwindcss_oxide::scanner: Discovering "C:\\Users\\tanmo\\Downloads\\sms\\sms2\\components\\ui\\command.tsx"
2025-12-12T18:51:41.014929Z  INFO scan_sources: tailwindcss_oxide::scanner: Discovering "C:\\Users\\tanmo\\Downloads\\sms\\sms2\\components\\ui\\context-menu.tsx"
2025-12-12T18:51:41.015101Z  INFO scan_sources: tailwindcss_oxide::scanner: Discovering "C:\\Users\\tanmo\\Downloads\\sms\\sms2\\components\\ui\\dialog.tsx"
2025-12-12T18:51:41.015238Z  INFO scan_sources: tailwindcss_oxide::scanner: Discovering "C:\\Users\\tanmo\\Downloads\\sms\\sms2\\components\\ui\\drawer.tsx"
2025-12-12T18:51:41.015364Z  INFO scan_sources: tailwindcss_oxide::scanner: Discovering "C:\\Users\\tanmo\\Downloads\\sms\\sms2\\components\\ui\\dropdown-menu.tsx"
2025-12-12T18:51:41.015515Z  INFO scan_sources: tailwindcss_oxide::scanner: Discovering "C:\\Users\\tanmo\\Downloads\\sms\\sms2\\components\\ui\\empty.tsx"
2025-12-12T18:51:41.015649Z  INFO scan_sources: tailwindcss_oxide::scanner: Discovering "C:\\Users\\tanmo\\Downloads\\sms\\sms2\\components\\ui\\field.tsx"
2025-12-12T18:51:41.015780Z  INFO scan_sources: tailwindcss_oxide::scanner: Discovering "C:\\Users\\tanmo\\Downloads\\sms\\sms2\\components\\ui\\file-upload.tsx"
2025-12-12T18:51:41.015912Z  INFO scan_sources: tailwindcss_oxide::scanner: Discovering "C:\\Users\\tanmo\\Downloads\\sms\\sms2\\components\\ui\\form.tsx"
2025-12-12T18:51:41.016046Z  INFO scan_sources: tailwindcss_oxide::scanner: Discovering "C:\\Users\\tanmo\\Downloads\\sms\\sms2\\components\\ui\\hover-card.tsx"
2025-12-12T18:51:41.016183Z  INFO scan_sources: tailwindcss_oxide::scanner: Discovering "C:\\Users\\tanmo\\Downloads\\sms\\sms2\\components\\ui\\input-group.tsx"
2025-12-12T18:51:41.016685Z  INFO scan_sources: tailwindcss_oxide::scanner: Discovering "C:\\Users\\tanmo\\Downloads\\sms\\sms2\\components\\ui\\input-otp.tsx"
2025-12-12T18:51:41.016898Z  INFO scan_sources: tailwindcss_oxide::scanner: Discovering "C:\\Users\\tanmo\\Downloads\\sms\\sms2\\components\\ui\\input.tsx"
2025-12-12T18:51:41.017070Z  INFO scan_sources: tailwindcss_oxide::scanner: Discovering "C:\\Users\\tanmo\\Downloads\\sms\\sms2\\components\\ui\\item.tsx"
2025-12-12T18:51:41.017596Z  INFO scan_sources: tailwindcss_oxide::scanner: Discovering "C:\\Users\\tanmo\\Downloads\\sms\\sms2\\components\\ui\\kbd.tsx"
2025-12-12T18:51:41.017843Z  INFO scan_sources: tailwindcss_oxide::scanner: Discovering "C:\\Users\\tanmo\\Downloads\\sms\\sms2\\components\\ui\\label.tsx"
2025-12-12T18:51:41.018017Z  INFO scan_sources: tailwindcss_oxide::scanner: Discovering "C:\\Users\\tanmo\\Downloads\\sms\\sms2\\components\\ui\\menubar.tsx"
2025-12-12T18:51:41.018181Z  INFO scan_sources: tailwindcss_oxide::scanner: Discovering "C:\\Users\\tanmo\\Downloads\\sms\\sms2\\components\\ui\\navigation-menu.tsx"
2025-12-12T18:51:41.018335Z  INFO scan_sources: tailwindcss_oxide::scanner: Discovering "C:\\Users\\tanmo\\Downloads\\sms\\sms2\\components\\ui\\pagination.tsx"
2025-12-12T18:51:41.018486Z  INFO scan_sources: tailwindcss_oxide::scanner: Discovering "C:\\Users\\tanmo\\Downloads\\sms\\sms2\\components\\ui\\popover.tsx"
2025-12-12T18:51:41.018835Z  INFO scan_sources: tailwindcss_oxide::scanner: Discovering "C:\\Users\\tanmo\\Downloads\\sms\\sms2\\components\\ui\\progress.tsx"
2025-12-12T18:51:41.019029Z  INFO scan_sources: tailwindcss_oxide::scanner: Discovering "C:\\Users\\tanmo\\Downloads\\sms\\sms2\\components\\ui\\radio-group.tsx"
2025-12-12T18:51:41.019364Z  INFO scan_sources: tailwindcss_oxide::scanner: Discovering "C:\\Users\\tanmo\\Downloads\\sms\\sms2\\components\\ui\\resizable.tsx"
2025-12-12T18:51:41.019532Z  INFO scan_sources: tailwindcss_oxide::scanner: Discovering "C:\\Users\\tanmo\\Downloads\\sms\\sms2\\components\\ui\\scroll-area.tsx"
2025-12-12T18:51:41.019686Z  INFO scan_sources: tailwindcss_oxide::scanner: Discovering "C:\\Users\\tanmo\\Downloads\\sms\\sms2\\components\\ui\\select.tsx"
2025-12-12T18:51:41.019831Z  INFO scan_sources: tailwindcss_oxide::scanner: Discovering "C:\\Users\\tanmo\\Downloads\\sms\\sms2\\components\\ui\\separator.tsx"
2025-12-12T18:51:41.019972Z  INFO scan_sources: tailwindcss_oxide::scanner: Discovering "C:\\Users\\tanmo\\Downloads\\sms\\sms2\\components\\ui\\sheet.tsx"
2025-12-12T18:51:41.020105Z  INFO scan_sources: tailwindcss_oxide::scanner: Discovering "C:\\Users\\tanmo\\Downloads\\sms\\sms2\\components\\ui\\sidebar.tsx"
2025-12-12T18:51:41.020221Z  INFO scan_sources: tailwindcss_oxide::scanner: Discovering "C:\\Users\\tanmo\\Downloads\\sms\\sms2\\components\\ui\\skeleton.tsx"
2025-12-12T18:51:41.020469Z  INFO scan_sources: tailwindcss_oxide::scanner: Discovering "C:\\Users\\tanmo\\Downloads\\sms\\sms2\\components\\ui\\slider.tsx"
2025-12-12T18:51:41.020615Z  INFO scan_sources: tailwindcss_oxide::scanner: Discovering "C:\\Users\\tanmo\\Downloads\\sms\\sms2\\components\\ui\\sonner.tsx"
2025-12-12T18:51:41.020745Z  INFO scan_sources: tailwindcss_oxide::scanner: Discovering "C:\\Users\\tanmo\\Downloads\\sms\\sms2\\components\\ui\\spinner.tsx"
2025-12-12T18:51:41.020872Z  INFO scan_sources: tailwindcss_oxide::scanner: Discovering "C:\\Users\\tanmo\\Downloads\\sms\\sms2\\components\\ui\\switch.tsx"
2025-12-12T18:51:41.020995Z  INFO scan_sources: tailwindcss_oxide::scanner: Discovering "C:\\Users\\tanmo\\Downloads\\sms\\sms2\\components\\ui\\table.tsx"
2025-12-12T18:51:41.021121Z  INFO scan_sources: tailwindcss_oxide::scanner: Discovering "C:\\Users\\tanmo\\Downloads\\sms\\sms2\\components\\ui\\tabs.tsx"
2025-12-12T18:51:41.021267Z  INFO scan_sources: tailwindcss_oxide::scanner: Discovering "C:\\Users\\tanmo\\Downloads\\sms\\sms2\\components\\ui\\textarea.tsx"
2025-12-12T18:51:41.021398Z  INFO scan_sources: tailwindcss_oxide::scanner: Discovering "C:\\Users\\tanmo\\Downloads\\sms\\sms2\\components\\ui\\toast.tsx"
2025-12-12T18:51:41.021538Z  INFO scan_sources: tailwindcss_oxide::scanner: Discovering "C:\\Users\\tanmo\\Downloads\\sms\\sms2\\components\\ui\\toaster.tsx"
2025-12-12T18:51:41.021679Z  INFO scan_sources: tailwindcss_oxide::scanner: Discovering "C:\\Users\\tanmo\\Downloads\\sms\\sms2\\components\\ui\\toggle-group.tsx"
2025-12-12T18:51:41.021822Z  INFO scan_sources: tailwindcss_oxide::scanner: Discovering "C:\\Users\\tanmo\\Downloads\\sms\\sms2\\components\\ui\\toggle.tsx"
2025-12-12T18:51:41.021963Z  INFO scan_sources: tailwindcss_oxide::scanner: Discovering "C:\\Users\\tanmo\\Downloads\\sms\\sms2\\components\\ui\\tooltip.tsx"
2025-12-12T18:51:41.022101Z  INFO scan_sources: tailwindcss_oxide::scanner: Discovering "C:\\Users\\tanmo\\Downloads\\sms\\sms2\\components\\ui\\use-mobile.tsx"
2025-12-12T18:51:41.022237Z  INFO scan_sources: tailwindcss_oxide::scanner: Discovering "C:\\Users\\tanmo\\Downloads\\sms\\sms2\\components\\ui\\use-toast.ts"
2025-12-12T18:51:41.022536Z  INFO scan_sources: tailwindcss_oxide::scanner: Discovering "C:\\Users\\tanmo\\Downloads\\sms\\sms2\\components.json"
2025-12-12T18:51:41.022703Z  INFO scan_sources: tailwindcss_oxide::scanner: Discovering "C:\\Users\\tanmo\\Downloads\\sms\\sms2\\eslint.config.mjs"
2025-12-12T18:51:41.022974Z  INFO scan_sources: tailwindcss_oxide::scanner: Discovering "C:\\Users\\tanmo\\Downloads\\sms\\sms2\\hooks"
2025-12-12T18:51:41.023327Z  INFO scan_sources: tailwindcss_oxide::scanner: Discovering "C:\\Users\\tanmo\\Downloads\\sms\\sms2\\hooks\\use-mobile.ts"
2025-12-12T18:51:41.023485Z  INFO scan_sources: tailwindcss_oxide::scanner: Discovering "C:\\Users\\tanmo\\Downloads\\sms\\sms2\\hooks\\use-persistent-store.ts"
2025-12-12T18:51:41.023637Z  INFO scan_sources: tailwindcss_oxide::scanner: Discovering "C:\\Users\\tanmo\\Downloads\\sms\\sms2\\hooks\\use-toast.ts"
2025-12-12T18:51:41.023957Z  INFO scan_sources: tailwindcss_oxide::scanner: Discovering "C:\\Users\\tanmo\\Downloads\\sms\\sms2\\lib"
2025-12-12T18:51:41.024708Z  INFO scan_sources: tailwindcss_oxide::scanner: Discovering "C:\\Users\\tanmo\\Downloads\\sms\\sms2\\lib\\attendance-db.ts"
2025-12-12T18:51:41.024923Z  INFO scan_sources: tailwindcss_oxide::scanner: Discovering "C:\\Users\\tanmo\\Downloads\\sms\\sms2\\lib\\auth.ts"
2025-12-12T18:51:41.025153Z  INFO scan_sources: tailwindcss_oxide::scanner: Discovering "C:\\Users\\tanmo\\Downloads\\sms\\sms2\\lib\\config.ts"
2025-12-12T18:51:41.025805Z  INFO scan_sources: tailwindcss_oxide::scanner: Discovering "C:\\Users\\tanmo\\Downloads\\sms\\sms2\\lib\\mongodb.ts"
2025-12-12T18:51:41.026407Z  INFO scan_sources: tailwindcss_oxide::scanner: Discovering "C:\\Users\\tanmo\\Downloads\\sms\\sms2\\lib\\pdf-generator.tsx"
2025-12-12T18:51:41.026663Z  INFO scan_sources: tailwindcss_oxide::scanner: Discovering "C:\\Users\\tanmo\\Downloads\\sms\\sms2\\lib\\persistent-store.ts"
2025-12-12T18:51:41.027069Z  INFO scan_sources: tailwindcss_oxide::scanner: Discovering "C:\\Users\\tanmo\\Downloads\\sms\\sms2\\lib\\store.ts"
2025-12-12T18:51:41.027242Z  INFO scan_sources: tailwindcss_oxide::scanner: Discovering "C:\\Users\\tanmo\\Downloads\\sms\\sms2\\lib\\swr-config.tsx"
2025-12-12T18:51:41.027566Z  INFO scan_sources: tailwindcss_oxide::scanner: Discovering "C:\\Users\\tanmo\\Downloads\\sms\\sms2\\lib\\types.ts"
2025-12-12T18:51:41.027757Z  INFO scan_sources: tailwindcss_oxide::scanner: Discovering "C:\\Users\\tanmo\\Downloads\\sms\\sms2\\lib\\utils.ts"
2025-12-12T18:51:41.028201Z  INFO scan_sources: tailwindcss_oxide::scanner: Discovering "C:\\Users\\tanmo\\Downloads\\sms\\sms2\\next-env.d.ts"
2025-12-12T18:51:41.028369Z  INFO scan_sources: tailwindcss_oxide::scanner: Discovering "C:\\Users\\tanmo\\Downloads\\sms\\sms2\\next.config.mjs"
2025-12-12T18:51:41.028961Z  INFO scan_sources: tailwindcss_oxide::scanner: Discovering "C:\\Users\\tanmo\\Downloads\\sms\\sms2\\package.json"
2025-12-12T18:51:41.029218Z  INFO scan_sources: tailwindcss_oxide::scanner: Discovering "C:\\Users\\tanmo\\Downloads\\sms\\sms2\\postcss.config.mjs"
2025-12-12T18:51:41.029500Z  INFO scan_sources: tailwindcss_oxide::scanner: Discovering "C:\\Users\\tanmo\\Downloads\\sms\\sms2\\public"
2025-12-12T18:51:41.029884Z  INFO scan_sources: tailwindcss_oxide::scanner: Discovering "C:\\Users\\tanmo\\Downloads\\sms\\sms2\\public\\icon.svg"
2025-12-12T18:51:41.030132Z  INFO scan_sources: tailwindcss_oxide::scanner: Discovering "C:\\Users\\tanmo\\Downloads\\sms\\sms2\\public\\images"
2025-12-12T18:51:41.030516Z  INFO scan_sources: tailwindcss_oxide::scanner: Discovering "C:\\Users\\tanmo\\Downloads\\sms\\sms2\\public\\placeholder-logo.svg"
2025-12-12T18:51:41.030675Z  INFO scan_sources: tailwindcss_oxide::scanner: Discovering "C:\\Users\\tanmo\\Downloads\\sms\\sms2\\public\\placeholder.svg"
2025-12-12T18:51:41.030874Z  INFO scan_sources: tailwindcss_oxide::scanner: Discovering "C:\\Users\\tanmo\\Downloads\\sms\\sms2\\README.md"
2025-12-12T18:51:41.031011Z  INFO scan_sources: tailwindcss_oxide::scanner: Discovering "C:\\Users\\tanmo\\Downloads\\sms\\sms2\\RUN_AND_DEPLOY.md"
2025-12-12T18:51:41.031260Z  INFO scan_sources: tailwindcss_oxide::scanner: Discovering "C:\\Users\\tanmo\\Downloads\\sms\\sms2\\sms"
2025-12-12T18:51:41.031992Z  INFO scan_sources: tailwindcss_oxide::scanner: Discovering "C:\\Users\\tanmo\\Downloads\\sms\\sms2\\sms\\.gitattributes"
2025-12-12T18:51:41.032276Z  INFO scan_sources: tailwindcss_oxide::scanner: Discovering "C:\\Users\\tanmo\\Downloads\\sms\\sms2\\styles"
2025-12-12T18:51:41.032557Z  INFO scan_sources: tailwindcss_oxide::scanner: Discovering "C:\\Users\\tanmo\\Downloads\\sms\\sms2\\styles\\globals.css"
2025-12-12T18:51:41.032755Z  INFO scan_sources: tailwindcss_oxide::scanner: Discovering "C:\\Users\\tanmo\\Downloads\\sms\\sms2\\tsconfig.json"
2025-12-12T18:51:41.032877Z  INFO scan_sources: tailwindcss_oxide::scanner: Discovering "C:\\Users\\tanmo\\Downloads\\sms\\sms2\\tsconfig.tsbuildinfo"
2025-12-12T18:51:41.033009Z  INFO scan_sources: tailwindcss_oxide::scanner: Discovering "C:\\Users\\tanmo\\Downloads\\sms\\sms2\\vercel.json"
2025-12-12T18:51:41.033198Z  INFO scan_sources: tailwindcss_oxide::scanner: exit
2025-12-12T18:51:41.033224Z  INFO extract_candidates: tailwindcss_oxide::scanner: enter
2025-12-12T18:51:41.033242Z  INFO extract_candidates:read_all_files: tailwindcss_oxide::scanner: enter
2025-12-12T18:51:41.033255Z  INFO extract_candidates:read_all_files: tailwindcss_oxide::scanner: Reading 121 file(s)
2025-12-12T18:51:41.034235Z  INFO tailwindcss_oxide::scanner: Reading "C:\\Users\\tanmo\\Downloads\\sms\\sms2\\components\\ui\\input-group.tsx"
2025-12-12T18:51:41.034256Z  INFO tailwindcss_oxide::scanner: Reading "C:\\Users\\tanmo\\Downloads\\sms\\sms2\\app\\student\\page.tsx"
2025-12-12T18:51:41.034250Z  INFO tailwindcss_oxide::scanner: Reading "C:\\Users\\tanmo\\Downloads\\sms\\sms2\\.gitattributes"
2025-12-12T18:51:41.034535Z  INFO tailwindcss_oxide::scanner: Reading "C:\\Users\\tanmo\\Downloads\\sms\\sms2\\app\\admin\\actions.ts"
2025-12-12T18:51:41.034580Z  INFO tailwindcss_oxide::scanner: Reading "C:\\Users\\tanmo\\Downloads\\sms\\sms2\\app\\teacher\\page.tsx"
2025-12-12T18:51:41.034695Z  INFO tailwindcss_oxide::scanner: Reading "C:\\Users\\tanmo\\Downloads\\sms\\sms2\\app\\admin\\attendance\\page.tsx"
2025-12-12T18:51:41.034832Z  INFO tailwindcss_oxide::scanner: Reading "C:\\Users\\tanmo\\Downloads\\sms\\sms2\\app\\admin\\layout.tsx"
2025-12-12T18:51:41.034966Z  INFO tailwindcss_oxide::scanner: Reading "C:\\Users\\tanmo\\Downloads\\sms\\sms2\\components\\ui\\input-otp.tsx"
2025-12-12T18:51:41.034996Z  INFO tailwindcss_oxide::scanner: Reading "C:\\Users\\tanmo\\Downloads\\sms\\sms2\\app\\admin\\notices\\page.tsx"
2025-12-12T18:51:41.035144Z  INFO tailwindcss_oxide::scanner: Reading "C:\\Users\\tanmo\\Downloads\\sms\\sms2\\app\\admin\\page.tsx"
2025-12-12T18:51:41.034831Z  INFO tailwindcss_oxide::scanner: Reading "C:\\Users\\tanmo\\Downloads\\sms\\sms2\\components\\admin\\sidebar.tsx"
2025-12-12T18:51:41.035145Z  INFO tailwindcss_oxide::scanner: Reading "C:\\Users\\tanmo\\Downloads\\sms\\sms2\\components\\ui\\input.tsx"
2025-12-12T18:51:41.035322Z  INFO tailwindcss_oxide::scanner: Reading "C:\\Users\\tanmo\\Downloads\\sms\\sms2\\app\\admin\\projects\\page.tsx"
2025-12-12T18:51:41.035335Z  INFO tailwindcss_oxide::scanner: Reading "C:\\Users\\tanmo\\Downloads\\sms\\sms2\\components\\landing-hero.tsx"
2025-12-12T18:51:41.035389Z  INFO tailwindcss_oxide::scanner: Reading "C:\\Users\\tanmo\\Downloads\\sms\\sms2\\components\\ui\\item.tsx"
2025-12-12T18:51:41.035497Z  INFO tailwindcss_oxide::scanner: Reading "C:\\Users\\tanmo\\Downloads\\sms\\sms2\\components\\theme-provider.tsx"
2025-12-12T18:51:41.035485Z  INFO tailwindcss_oxide::scanner: Reading "C:\\Users\\tanmo\\Downloads\\sms\\sms2\\app\\admin\\students\\loading.tsx"
2025-12-12T18:51:41.035555Z  INFO tailwindcss_oxide::scanner: Reading "C:\\Users\\tanmo\\Downloads\\sms\\sms2\\components\\ui\\kbd.tsx"
2025-12-12T18:51:41.035655Z  INFO tailwindcss_oxide::scanner: Reading "C:\\Users\\tanmo\\Downloads\\sms\\sms2\\components\\ui\\accordion.tsx"
2025-12-12T18:51:41.035678Z  INFO tailwindcss_oxide::scanner: Reading "C:\\Users\\tanmo\\Downloads\\sms\\sms2\\app\\admin\\students\\page.tsx"
2025-12-12T18:51:41.035672Z  INFO tailwindcss_oxide::scanner: Reading "C:\\Users\\tanmo\\Downloads\\sms\\sms2\\app\\api\\auth\\session\\route.ts"
2025-12-12T18:51:41.035722Z  INFO tailwindcss_oxide::scanner: Reading "C:\\Users\\tanmo\\Downloads\\sms\\sms2\\components\\ui\\label.tsx"
2025-12-12T18:51:41.035816Z  INFO tailwindcss_oxide::scanner: Reading "C:\\Users\\tanmo\\Downloads\\sms\\sms2\\components\\ui\\alert-dialog.tsx"
2025-12-12T18:51:41.035823Z  INFO tailwindcss_oxide::scanner: Reading "C:\\Users\\tanmo\\Downloads\\sms\\sms2\\app\\admin\\teachers\\loading.tsx"
2025-12-12T18:51:41.035851Z  INFO tailwindcss_oxide::scanner: Reading "C:\\Users\\tanmo\\Downloads\\sms\\sms2\\app\\api\\notices\\route.ts"
2025-12-12T18:51:41.035875Z  INFO tailwindcss_oxide::scanner: Reading "C:\\Users\\tanmo\\Downloads\\sms\\sms2\\components\\ui\\menubar.tsx"
2025-12-12T18:51:41.035976Z  INFO tailwindcss_oxide::scanner: Reading "C:\\Users\\tanmo\\Downloads\\sms\\sms2\\components\\ui\\alert.tsx"
2025-12-12T18:51:41.035990Z  INFO tailwindcss_oxide::scanner: Reading "C:\\Users\\tanmo\\Downloads\\sms\\sms2\\app\\admin\\teachers\\page.tsx"
2025-12-12T18:51:41.036012Z  INFO tailwindcss_oxide::scanner: Reading "C:\\Users\\tanmo\\Downloads\\sms\\sms2\\app\\api\\notices\\[id]\\route.ts"
2025-12-12T18:51:41.036035Z  INFO tailwindcss_oxide::scanner: Reading "C:\\Users\\tanmo\\Downloads\\sms\\sms2\\components\\ui\\navigation-menu.tsx"
2025-12-12T18:51:41.036132Z  INFO tailwindcss_oxide::scanner: Reading "C:\\Users\\tanmo\\Downloads\\sms\\sms2\\components\\ui\\aspect-ratio.tsx"
2025-12-12T18:51:41.036148Z  INFO tailwindcss_oxide::scanner: Reading "C:\\Users\\tanmo\\Downloads\\sms\\sms2\\app\\api\\attendance\\route.ts"
2025-12-12T18:51:41.036222Z  INFO tailwindcss_oxide::scanner: Reading "C:\\Users\\tanmo\\Downloads\\sms\\sms2\\components\\ui\\pagination.tsx"
2025-12-12T18:51:41.036281Z  INFO tailwindcss_oxide::scanner: Reading "C:\\Users\\tanmo\\Downloads\\sms\\sms2\\app\\api\\projects\\route.ts"
2025-12-12T18:51:41.036294Z  INFO tailwindcss_oxide::scanner: Reading "C:\\Users\\tanmo\\Downloads\\sms\\sms2\\components\\ui\\avatar.tsx"
2025-12-12T18:51:41.036390Z  INFO tailwindcss_oxide::scanner: Reading "C:\\Users\\tanmo\\Downloads\\sms\\sms2\\components\\ui\\popover.tsx"
2025-12-12T18:51:41.036453Z  INFO tailwindcss_oxide::scanner: Reading "C:\\Users\\tanmo\\Downloads\\sms\\sms2\\components\\ui\\badge.tsx"
2025-12-12T18:51:41.036466Z  INFO tailwindcss_oxide::scanner: Reading "C:\\Users\\tanmo\\Downloads\\sms\\sms2\\app\\api\\projects\\[id]\\route.ts"
2025-12-12T18:51:41.036565Z  INFO tailwindcss_oxide::scanner: Reading "C:\\Users\\tanmo\\Downloads\\sms\\sms2\\components\\ui\\progress.tsx"
2025-12-12T18:51:41.036608Z  INFO tailwindcss_oxide::scanner: Reading "C:\\Users\\tanmo\\Downloads\\sms\\sms2\\components\\ui\\breadcrumb.tsx"
2025-12-12T18:51:41.036631Z  INFO tailwindcss_oxide::scanner: Reading "C:\\Users\\tanmo\\Downloads\\sms\\sms2\\app\\api\\students\\route.ts"
2025-12-12T18:51:41.036644Z  INFO tailwindcss_oxide::scanner: Reading "C:\\Users\\tanmo\\Downloads\\sms\\sms2\\components\\ui\\card.tsx"
2025-12-12T18:51:41.036731Z  INFO tailwindcss_oxide::scanner: Reading "C:\\Users\\tanmo\\Downloads\\sms\\sms2\\components\\ui\\radio-group.tsx"
2025-12-12T18:51:41.036765Z  INFO tailwindcss_oxide::scanner: Reading "C:\\Users\\tanmo\\Downloads\\sms\\sms2\\components\\ui\\button-group.tsx"
2025-12-12T18:51:41.036787Z  INFO tailwindcss_oxide::scanner: Reading "C:\\Users\\tanmo\\Downloads\\sms\\sms2\\app\\api\\students\\[id]\\route.ts"
2025-12-12T18:51:41.036826Z  INFO tailwindcss_oxide::scanner: Reading "C:\\Users\\tanmo\\Downloads\\sms\\sms2\\components\\ui\\carousel.tsx"
2025-12-12T18:51:41.037022Z  INFO tailwindcss_oxide::scanner: Reading "C:\\Users\\tanmo\\Downloads\\sms\\sms2\\app\\api\\teachers\\route.ts"
2025-12-12T18:51:41.037031Z  INFO tailwindcss_oxide::scanner: Reading "C:\\Users\\tanmo\\Downloads\\sms\\sms2\\components\\ui\\chart.tsx"
2025-12-12T18:51:41.036298Z  INFO tailwindcss_oxide::scanner: Reading "C:\\Users\\tanmo\\Downloads\\sms\\sms2\\app\\api\\attendance\\upsert\\route.ts"
2025-12-12T18:51:41.037211Z  INFO tailwindcss_oxide::scanner: Reading "C:\\Users\\tanmo\\Downloads\\sms\\sms2\\components\\ui\\checkbox.tsx"
2025-12-12T18:51:41.037213Z  INFO tailwindcss_oxide::scanner: Reading "C:\\Users\\tanmo\\Downloads\\sms\\sms2\\app\\api\\teachers\\[id]\\route.ts"
2025-12-12T18:51:41.037376Z  INFO tailwindcss_oxide::scanner: Reading "C:\\Users\\tanmo\\Downloads\\sms\\sms2\\app\\layout.tsx"
2025-12-12T18:51:41.037384Z  INFO tailwindcss_oxide::scanner: Reading "C:\\Users\\tanmo\\Downloads\\sms\\sms2\\components\\ui\\collapsible.tsx"
2025-12-12T18:51:41.037429Z  INFO tailwindcss_oxide::scanner: Reading "C:\\Users\\tanmo\\Downloads\\sms\\sms2\\app\\api\\attendance\\[id]\\route.ts"
2025-12-12T18:51:41.037552Z  INFO tailwindcss_oxide::scanner: Reading "C:\\Users\\tanmo\\Downloads\\sms\\sms2\\app\\login\\actions.ts"
2025-12-12T18:51:41.037562Z  INFO tailwindcss_oxide::scanner: Reading "C:\\Users\\tanmo\\Downloads\\sms\\sms2\\components\\ui\\command.tsx"
2025-12-12T18:51:41.037700Z  INFO tailwindcss_oxide::scanner: Reading "C:\\Users\\tanmo\\Downloads\\sms\\sms2\\app\\api\\auth\\logout\\route.ts"
2025-12-12T18:51:41.037713Z  INFO tailwindcss_oxide::scanner: Reading "C:\\Users\\tanmo\\Downloads\\sms\\sms2\\app\\login\\loading.tsx"
2025-12-12T18:51:41.037720Z  INFO tailwindcss_oxide::scanner: Reading "C:\\Users\\tanmo\\Downloads\\sms\\sms2\\components\\ui\\context-menu.tsx"
2025-12-12T18:51:41.037882Z  INFO tailwindcss_oxide::scanner: Reading "C:\\Users\\tanmo\\Downloads\\sms\\sms2\\components\\ui\\dialog.tsx"
2025-12-12T18:51:41.037891Z  INFO tailwindcss_oxide::scanner: Reading "C:\\Users\\tanmo\\Downloads\\sms\\sms2\\app\\login\\page.tsx"
2025-12-12T18:51:41.037872Z  INFO tailwindcss_oxide::scanner: Reading "C:\\Users\\tanmo\\Downloads\\sms\\sms2\\components\\ui\\tooltip.tsx"
2025-12-12T18:51:41.038078Z  INFO tailwindcss_oxide::scanner: Reading "C:\\Users\\tanmo\\Downloads\\sms\\sms2\\components\\ui\\drawer.tsx"
2025-12-12T18:51:41.038099Z  INFO tailwindcss_oxide::scanner: Reading "C:\\Users\\tanmo\\Downloads\\sms\\sms2\\app\\page.tsx"
2025-12-12T18:51:41.038134Z  INFO tailwindcss_oxide::scanner: Reading "C:\\Users\\tanmo\\Downloads\\sms\\sms2\\components\\ui\\use-mobile.tsx"
2025-12-12T18:51:41.038241Z  INFO tailwindcss_oxide::scanner: Reading "C:\\Users\\tanmo\\Downloads\\sms\\sms2\\components\\ui\\dropdown-menu.tsx"
2025-12-12T18:51:41.038252Z  INFO tailwindcss_oxide::scanner: Reading "C:\\Users\\tanmo\\Downloads\\sms\\sms2\\app\\projects\\page.tsx"
2025-12-12T18:51:41.038331Z  INFO tailwindcss_oxide::scanner: Reading "C:\\Users\\tanmo\\Downloads\\sms\\sms2\\components\\ui\\use-toast.ts"
2025-12-12T18:51:41.038425Z  INFO tailwindcss_oxide::scanner: Reading "C:\\Users\\tanmo\\Downloads\\sms\\sms2\\components\\ui\\empty.tsx"
2025-12-12T18:51:41.038455Z  INFO tailwindcss_oxide::scanner: Reading "C:\\Users\\tanmo\\Downloads\\sms\\sms2\\components\\ui\\calendar.tsx"
2025-12-12T18:51:41.038499Z  INFO tailwindcss_oxide::scanner: Reading "C:\\Users\\tanmo\\Downloads\\sms\\sms2\\components.json"
2025-12-12T18:51:41.038575Z  INFO tailwindcss_oxide::scanner: Reading "C:\\Users\\tanmo\\Downloads\\sms\\sms2\\components\\ui\\field.tsx"
2025-12-12T18:51:41.038641Z  INFO tailwindcss_oxide::scanner: Reading "C:\\Users\\tanmo\\Downloads\\sms\\sms2\\lib\\swr-config.tsx"
2025-12-12T18:51:41.038666Z  INFO tailwindcss_oxide::scanner: Reading "C:\\Users\\tanmo\\Downloads\\sms\\sms2\\eslint.config.mjs"
2025-12-12T18:51:41.038746Z  INFO tailwindcss_oxide::scanner: Reading "C:\\Users\\tanmo\\Downloads\\sms\\sms2\\components\\ui\\file-upload.tsx"
2025-12-12T18:51:41.038822Z  INFO tailwindcss_oxide::scanner: Reading "C:\\Users\\tanmo\\Downloads\\sms\\sms2\\hooks\\use-mobile.ts"
2025-12-12T18:51:41.038839Z  INFO tailwindcss_oxide::scanner: Reading "C:\\Users\\tanmo\\Downloads\\sms\\sms2\\lib\\types.ts"
2025-12-12T18:51:41.038896Z  INFO tailwindcss_oxide::scanner: Reading "C:\\Users\\tanmo\\Downloads\\sms\\sms2\\components\\ui\\form.tsx"
2025-12-12T18:51:41.039001Z  INFO tailwindcss_oxide::scanner: Reading "C:\\Users\\tanmo\\Downloads\\sms\\sms2\\lib\\utils.ts"
2025-12-12T18:51:41.039043Z  INFO tailwindcss_oxide::scanner: Reading "C:\\Users\\tanmo\\Downloads\\sms\\sms2\\components\\ui\\hover-card.tsx"
2025-12-12T18:51:41.039165Z  INFO tailwindcss_oxide::scanner: Reading "C:\\Users\\tanmo\\Downloads\\sms\\sms2\\next-env.d.ts"
2025-12-12T18:51:41.039414Z  INFO tailwindcss_oxide::scanner: Reading "C:\\Users\\tanmo\\Downloads\\sms\\sms2\\components\\ui\\separator.tsx"
2025-12-12T18:51:41.039583Z  INFO tailwindcss_oxide::scanner: Reading "C:\\Users\\tanmo\\Downloads\\sms\\sms2\\next.config.mjs"
2025-12-12T18:51:41.039607Z  INFO tailwindcss_oxide::scanner: Reading "C:\\Users\\tanmo\\Downloads\\sms\\sms2\\components\\ui\\sheet.tsx"
2025-12-12T18:51:41.039660Z  INFO tailwindcss_oxide::scanner: Reading "C:\\Users\\tanmo\\Downloads\\sms\\sms2\\components\\ui\\scroll-area.tsx"
2025-12-12T18:51:41.039739Z  INFO tailwindcss_oxide::scanner: Reading "C:\\Users\\tanmo\\Downloads\\sms\\sms2\\package.json"
2025-12-12T18:51:41.039834Z  INFO tailwindcss_oxide::scanner: Reading "C:\\Users\\tanmo\\Downloads\\sms\\sms2\\components\\ui\\select.tsx"
2025-12-12T18:51:41.039885Z  INFO tailwindcss_oxide::scanner: Reading "C:\\Users\\tanmo\\Downloads\\sms\\sms2\\postcss.config.mjs"
2025-12-12T18:51:41.039895Z  INFO tailwindcss_oxide::scanner: Reading "C:\\Users\\tanmo\\Downloads\\sms\\sms2\\components\\ui\\sidebar.tsx"
2025-12-12T18:51:41.039917Z  INFO tailwindcss_oxide::scanner: Reading "C:\\Users\\tanmo\\Downloads\\sms\\sms2\\public\\placeholder-logo.svg"
2025-12-12T18:51:41.040020Z  INFO tailwindcss_oxide::scanner: Reading "C:\\Users\\tanmo\\Downloads\\sms\\sms2\\public\\icon.svg"
2025-12-12T18:51:41.040053Z  INFO tailwindcss_oxide::scanner: Reading "C:\\Users\\tanmo\\Downloads\\sms\\sms2\\lib\\mongodb.ts"
2025-12-12T18:51:41.040110Z  INFO tailwindcss_oxide::scanner: Reading "C:\\Users\\tanmo\\Downloads\\sms\\sms2\\components\\ui\\skeleton.tsx"
2025-12-12T18:51:41.040228Z  INFO tailwindcss_oxide::scanner: Reading "C:\\Users\\tanmo\\Downloads\\sms\\sms2\\lib\\persistent-store.ts"
2025-12-12T18:51:41.040448Z  INFO tailwindcss_oxide::scanner: Reading "C:\\Users\\tanmo\\Downloads\\sms\\sms2\\components\\ui\\slider.tsx"
2025-12-12T18:51:41.040667Z  INFO tailwindcss_oxide::scanner: Reading "C:\\Users\\tanmo\\Downloads\\sms\\sms2\\components\\ui\\sonner.tsx"
2025-12-12T18:51:41.040705Z  INFO tailwindcss_oxide::scanner: Reading "C:\\Users\\tanmo\\Downloads\\sms\\sms2\\public\\placeholder.svg"
2025-12-12T18:51:41.040835Z  INFO tailwindcss_oxide::scanner: Reading "C:\\Users\\tanmo\\Downloads\\sms\\sms2\\components\\ui\\spinner.tsx"
2025-12-12T18:51:41.040996Z  INFO tailwindcss_oxide::scanner: Reading "C:\\Users\\tanmo\\Downloads\\sms\\sms2\\README.md"
2025-12-12T18:51:41.039309Z  INFO tailwindcss_oxide::scanner: Reading "C:\\Users\\tanmo\\Downloads\\sms\\sms2\\components\\ui\\resizable.tsx"
2025-12-12T18:51:41.041335Z  INFO tailwindcss_oxide::scanner: Reading "C:\\Users\\tanmo\\Downloads\\sms\\sms2\\lib\\auth.ts"
2025-12-12T18:51:41.039317Z  INFO tailwindcss_oxide::scanner: Reading "C:\\Users\\tanmo\\Downloads\\sms\\sms2\\components\\ui\\button.tsx"
2025-12-12T18:51:41.040669Z  INFO tailwindcss_oxide::scanner: Reading "C:\\Users\\tanmo\\Downloads\\sms\\sms2\\lib\\store.ts"
2025-12-12T18:51:41.041709Z  INFO tailwindcss_oxide::scanner: Reading "C:\\Users\\tanmo\\Downloads\\sms\\sms2\\lib\\pdf-generator.tsx"
2025-12-12T18:51:41.041823Z  INFO tailwindcss_oxide::scanner: Reading "C:\\Users\\tanmo\\Downloads\\sms\\sms2\\lib\\attendance-db.ts"
2025-12-12T18:51:41.041919Z  INFO tailwindcss_oxide::scanner: Reading "C:\\Users\\tanmo\\Downloads\\sms\\sms2\\components\\ui\\toast.tsx"
2025-12-12T18:51:41.041944Z  INFO tailwindcss_oxide::scanner: Reading "C:\\Users\\tanmo\\Downloads\\sms\\sms2\\components\\ui\\toggle-group.tsx"
2025-12-12T18:51:41.041972Z  INFO tailwindcss_oxide::scanner: Reading "C:\\Users\\tanmo\\Downloads\\sms\\sms2\\components\\ui\\toaster.tsx"
2025-12-12T18:51:41.042106Z  INFO tailwindcss_oxide::scanner: Reading "C:\\Users\\tanmo\\Downloads\\sms\\sms2\\components\\ui\\tabs.tsx"
2025-12-12T18:51:41.042115Z  INFO tailwindcss_oxide::scanner: Reading "C:\\Users\\tanmo\\Downloads\\sms\\sms2\\sms\\.gitattributes"
2025-12-12T18:51:41.042116Z  INFO tailwindcss_oxide::scanner: Reading "C:\\Users\\tanmo\\Downloads\\sms\\sms2\\components\\ui\\toggle.tsx"
2025-12-12T18:51:41.042234Z  INFO tailwindcss_oxide::scanner: Reading "C:\\Users\\tanmo\\Downloads\\sms\\sms2\\tsconfig.json"
2025-12-12T18:51:41.042243Z  INFO tailwindcss_oxide::scanner: Reading "C:\\Users\\tanmo\\Downloads\\sms\\sms2\\components\\ui\\textarea.tsx"
2025-12-12T18:51:41.042372Z  INFO tailwindcss_oxide::scanner: Reading "C:\\Users\\tanmo\\Downloads\\sms\\sms2\\vercel.json"
2025-12-12T18:51:41.041593Z  INFO tailwindcss_oxide::scanner: Reading "C:\\Users\\tanmo\\Downloads\\sms\\sms2\\lib\\config.ts"
2025-12-12T18:51:41.041592Z  INFO tailwindcss_oxide::scanner: Reading "C:\\Users\\tanmo\\Downloads\\sms\\sms2\\RUN_AND_DEPLOY.md"
2025-12-12T18:51:41.039000Z  INFO tailwindcss_oxide::scanner: Reading "C:\\Users\\tanmo\\Downloads\\sms\\sms2\\hooks\\use-persistent-store.ts"
2025-12-12T18:51:41.042503Z  INFO tailwindcss_oxide::scanner: Reading "C:\\Users\\tanmo\\Downloads\\sms\\sms2\\tsconfig.tsbuildinfo"
2025-12-12T18:51:41.039208Z  INFO tailwindcss_oxide::scanner: Reading "C:\\Users\\tanmo\\Downloads\\sms\\sms2\\hooks\\use-toast.ts"
2025-12-12T18:51:41.042374Z  INFO tailwindcss_oxide::scanner: Reading "C:\\Users\\tanmo\\Downloads\\sms\\sms2\\components\\ui\\table.tsx"
2025-12-12T18:51:41.040999Z  INFO tailwindcss_oxide::scanner: Reading "C:\\Users\\tanmo\\Downloads\\sms\\sms2\\components\\ui\\switch.tsx"
2025-12-12T18:51:41.043490Z  INFO extract_candidates:read_all_files: tailwindcss_oxide::scanner: exit
2025-12-12T18:51:41.043539Z  INFO extract_candidates:parse_all_blobs: tailwindcss_oxide::scanner: enter
2025-12-12T18:51:41.043552Z  INFO extract_candidates:parse_all_blobs:extract: tailwindcss_oxide::scanner: enter
2025-12-12T18:51:41.197012Z  INFO extract_candidates:parse_all_blobs:extract: tailwindcss_oxide::scanner: exit
2025-12-12T18:51:41.197276Z  INFO extract_candidates:parse_all_blobs: tailwindcss_oxide::scanner: exit
2025-12-12T18:51:41.197304Z  INFO extract_candidates:read_all_files: tailwindcss_oxide::scanner: enter
2025-12-12T18:51:41.197315Z  INFO extract_candidates:read_all_files: tailwindcss_oxide::scanner: Reading 2 file(s)
2025-12-12T18:51:41.197652Z  INFO tailwindcss_oxide::scanner: Reading "C:\\Users\\tanmo\\Downloads\\sms\\sms2\\app\\globals.css"
2025-12-12T18:51:41.197664Z  INFO tailwindcss_oxide::scanner: Reading "C:\\Users\\tanmo\\Downloads\\sms\\sms2\\styles\\globals.css"
2025-12-12T18:51:41.197766Z  INFO extract_candidates:read_all_files: tailwindcss_oxide::scanner: exit
2025-12-12T18:51:41.197797Z  INFO extract_candidates:extract_css_variables: tailwindcss_oxide::scanner: enter
2025-12-12T18:51:41.197810Z  INFO extract_candidates:extract_css_variables:extract: tailwindcss_oxide::scanner: enter
2025-12-12T18:51:41.198046Z  INFO extract_candidates:extract_css_variables:extract: tailwindcss_oxide::scanner: exit
2025-12-12T18:51:41.198077Z  INFO extract_candidates:extract_css_variables: tailwindcss_oxide::scanner: exit
2025-12-12T18:51:41.200535Z  INFO extract_candidates: tailwindcss_oxide::scanner: exit
2025-12-12T18:51:41.202736Z  INFO get_files: tailwindcss_oxide::scanner: enter
2025-12-12T18:51:41.202768Z  INFO get_files:scan_sources: tailwindcss_oxide::scanner: enter
2025-12-12T18:51:41.205600Z  INFO get_files:scan_sources: tailwindcss_oxide::scanner: Discovering "C:\\Users\\tanmo\\Downloads\\sms\\sms2\\app"
2025-12-12T18:51:41.205994Z  INFO get_files:scan_sources: tailwindcss_oxide::scanner: Discovering "C:\\Users\\tanmo\\Downloads\\sms\\sms2\\app\\admin"
2025-12-12T18:51:41.206437Z  INFO get_files:scan_sources: tailwindcss_oxide::scanner: Discovering "C:\\Users\\tanmo\\Downloads\\sms\\sms2\\app\\admin\\attendance"
2025-12-12T18:51:41.207331Z  INFO get_files:scan_sources: tailwindcss_oxide::scanner: Discovering "C:\\Users\\tanmo\\Downloads\\sms\\sms2\\app\\admin\\notices"
2025-12-12T18:51:41.208948Z  INFO get_files:scan_sources: tailwindcss_oxide::scanner: Discovering "C:\\Users\\tanmo\\Downloads\\sms\\sms2\\app\\admin\\projects"
2025-12-12T18:51:41.209516Z  INFO get_files:scan_sources: tailwindcss_oxide::scanner: Discovering "C:\\Users\\tanmo\\Downloads\\sms\\sms2\\app\\admin\\students"
2025-12-12T18:51:41.210064Z  INFO get_files:scan_sources: tailwindcss_oxide::scanner: Discovering "C:\\Users\\tanmo\\Downloads\\sms\\sms2\\app\\admin\\teachers"
2025-12-12T18:51:41.210630Z  INFO get_files:scan_sources: tailwindcss_oxide::scanner: Discovering "C:\\Users\\tanmo\\Downloads\\sms\\sms2\\app\\api"
2025-12-12T18:51:41.211020Z  INFO get_files:scan_sources: tailwindcss_oxide::scanner: Discovering "C:\\Users\\tanmo\\Downloads\\sms\\sms2\\app\\api\\attendance"
2025-12-12T18:51:41.211462Z  INFO get_files:scan_sources: tailwindcss_oxide::scanner: Discovering "C:\\Users\\tanmo\\Downloads\\sms\\sms2\\app\\api\\attendance\\upsert"
2025-12-12T18:51:41.211920Z  INFO get_files:scan_sources: tailwindcss_oxide::scanner: Discovering "C:\\Users\\tanmo\\Downloads\\sms\\sms2\\app\\api\\attendance\\[id]"
2025-12-12T18:51:41.212398Z  INFO get_files:scan_sources: tailwindcss_oxide::scanner: Discovering "C:\\Users\\tanmo\\Downloads\\sms\\sms2\\app\\api\\auth"
2025-12-12T18:51:41.212740Z  INFO get_files:scan_sources: tailwindcss_oxide::scanner: Discovering "C:\\Users\\tanmo\\Downloads\\sms\\sms2\\app\\api\\auth\\logout"
2025-12-12T18:51:41.213219Z  INFO get_files:scan_sources: tailwindcss_oxide::scanner: Discovering "C:\\Users\\tanmo\\Downloads\\sms\\sms2\\app\\api\\auth\\session"
2025-12-12T18:51:41.213724Z  INFO get_files:scan_sources: tailwindcss_oxide::scanner: Discovering "C:\\Users\\tanmo\\Downloads\\sms\\sms2\\app\\api\\notices"
2025-12-12T18:51:41.214123Z  INFO get_files:scan_sources: tailwindcss_oxide::scanner: Discovering "C:\\Users\\tanmo\\Downloads\\sms\\sms2\\app\\api\\notices\\[id]"
2025-12-12T18:51:41.215903Z  INFO get_files:scan_sources: tailwindcss_oxide::scanner: Discovering "C:\\Users\\tanmo\\Downloads\\sms\\sms2\\app\\api\\projects"
2025-12-12T18:51:41.217337Z  INFO get_files:scan_sources: tailwindcss_oxide::scanner: Discovering "C:\\Users\\tanmo\\Downloads\\sms\\sms2\\app\\api\\projects\\[id]"
2025-12-12T18:51:41.217902Z  INFO get_files:scan_sources: tailwindcss_oxide::scanner: Discovering "C:\\Users\\tanmo\\Downloads\\sms\\sms2\\app\\api\\students"
2025-12-12T18:51:41.218361Z  INFO get_files:scan_sources: tailwindcss_oxide::scanner: Discovering "C:\\Users\\tanmo\\Downloads\\sms\\sms2\\app\\api\\students\\[id]"
2025-12-12T18:51:41.218901Z  INFO get_files:scan_sources: tailwindcss_oxide::scanner: Discovering "C:\\Users\\tanmo\\Downloads\\sms\\sms2\\app\\api\\teachers"
2025-12-12T18:51:41.219317Z  INFO get_files:scan_sources: tailwindcss_oxide::scanner: Discovering "C:\\Users\\tanmo\\Downloads\\sms\\sms2\\app\\api\\teachers\\[id]"
2025-12-12T18:51:41.219988Z  INFO get_files:scan_sources: tailwindcss_oxide::scanner: Discovering "C:\\Users\\tanmo\\Downloads\\sms\\sms2\\app\\login"
2025-12-12T18:51:41.220634Z  INFO get_files:scan_sources: tailwindcss_oxide::scanner: Discovering "C:\\Users\\tanmo\\Downloads\\sms\\sms2\\app\\projects"
2025-12-12T18:51:41.221074Z  INFO get_files:scan_sources: tailwindcss_oxide::scanner: Discovering "C:\\Users\\tanmo\\Downloads\\sms\\sms2\\app\\student"
2025-12-12T18:51:41.221515Z  INFO get_files:scan_sources: tailwindcss_oxide::scanner: Discovering "C:\\Users\\tanmo\\Downloads\\sms\\sms2\\app\\teacher"
2025-12-12T18:51:41.221997Z  INFO get_files:scan_sources: tailwindcss_oxide::scanner: Discovering "C:\\Users\\tanmo\\Downloads\\sms\\sms2\\components"
2025-12-12T18:51:41.222344Z  INFO get_files:scan_sources: tailwindcss_oxide::scanner: Discovering "C:\\Users\\tanmo\\Downloads\\sms\\sms2\\components\\admin"
2025-12-12T18:51:41.222941Z  INFO get_files:scan_sources: tailwindcss_oxide::scanner: Discovering "C:\\Users\\tanmo\\Downloads\\sms\\sms2\\components\\ui"
2025-12-12T18:51:41.228947Z  INFO get_files:scan_sources: tailwindcss_oxide::scanner: Discovering "C:\\Users\\tanmo\\Downloads\\sms\\sms2\\hooks"
2025-12-12T18:51:41.229555Z  INFO get_files:scan_sources: tailwindcss_oxide::scanner: Discovering "C:\\Users\\tanmo\\Downloads\\sms\\sms2\\lib"
2025-12-12T18:51:41.231403Z  INFO get_files:scan_sources: tailwindcss_oxide::scanner: Discovering "C:\\Users\\tanmo\\Downloads\\sms\\sms2\\public"
2025-12-12T18:51:41.231905Z  INFO get_files:scan_sources: tailwindcss_oxide::scanner: Discovering "C:\\Users\\tanmo\\Downloads\\sms\\sms2\\public\\images"
2025-12-12T18:51:41.233136Z  INFO get_files:scan_sources: tailwindcss_oxide::scanner: Discovering "C:\\Users\\tanmo\\Downloads\\sms\\sms2\\sms"
2025-12-12T18:51:41.234070Z  INFO get_files:scan_sources: tailwindcss_oxide::scanner: Discovering "C:\\Users\\tanmo\\Downloads\\sms\\sms2\\styles"
2025-12-12T18:51:41.234708Z  INFO get_files:scan_sources: tailwindcss_oxide::scanner: exit
2025-12-12T18:51:41.234986Z  INFO get_files: tailwindcss_oxide::scanner: exit
2025-12-12T18:51:41.236439Z  INFO get_globs: tailwindcss_oxide::scanner: enter
2025-12-12T18:51:41.236464Z  INFO get_globs:scan_sources: tailwindcss_oxide::scanner: enter
2025-12-12T18:51:41.239498Z  INFO get_globs:scan_sources: tailwindcss_oxide::scanner: Discovering "C:\\Users\\tanmo\\Downloads\\sms\\sms2\\app"
2025-12-12T18:51:41.239881Z  INFO get_globs:scan_sources: tailwindcss_oxide::scanner: Discovering "C:\\Users\\tanmo\\Downloads\\sms\\sms2\\app\\admin"
2025-12-12T18:51:41.241149Z  INFO get_globs:scan_sources: tailwindcss_oxide::scanner: Discovering "C:\\Users\\tanmo\\Downloads\\sms\\sms2\\app\\admin\\attendance"
2025-12-12T18:51:41.242358Z  INFO get_globs:scan_sources: tailwindcss_oxide::scanner: Discovering "C:\\Users\\tanmo\\Downloads\\sms\\sms2\\app\\admin\\notices"
2025-12-12T18:51:41.243111Z  INFO get_globs:scan_sources: tailwindcss_oxide::scanner: Discovering "C:\\Users\\tanmo\\Downloads\\sms\\sms2\\app\\admin\\projects"
2025-12-12T18:51:41.243750Z  INFO get_globs:scan_sources: tailwindcss_oxide::scanner: Discovering "C:\\Users\\tanmo\\Downloads\\sms\\sms2\\app\\admin\\students"
2025-12-12T18:51:41.244355Z  INFO get_globs:scan_sources: tailwindcss_oxide::scanner: Discovering "C:\\Users\\tanmo\\Downloads\\sms\\sms2\\app\\admin\\teachers"
2025-12-12T18:51:41.244982Z  INFO get_globs:scan_sources: tailwindcss_oxide::scanner: Discovering "C:\\Users\\tanmo\\Downloads\\sms\\sms2\\app\\api"
2025-12-12T18:51:41.245383Z  INFO get_globs:scan_sources: tailwindcss_oxide::scanner: Discovering "C:\\Users\\tanmo\\Downloads\\sms\\sms2\\app\\api\\attendance"
2025-12-12T18:51:41.245817Z  INFO get_globs:scan_sources: tailwindcss_oxide::scanner: Discovering "C:\\Users\\tanmo\\Downloads\\sms\\sms2\\app\\api\\attendance\\upsert"
2025-12-12T18:51:41.246321Z  INFO get_globs:scan_sources: tailwindcss_oxide::scanner: Discovering "C:\\Users\\tanmo\\Downloads\\sms\\sms2\\app\\api\\attendance\\[id]"
2025-12-12T18:51:41.246775Z  INFO get_globs:scan_sources: tailwindcss_oxide::scanner: Discovering "C:\\Users\\tanmo\\Downloads\\sms\\sms2\\app\\api\\auth"
2025-12-12T18:51:41.247143Z  INFO get_globs:scan_sources: tailwindcss_oxide::scanner: Discovering "C:\\Users\\tanmo\\Downloads\\sms\\sms2\\app\\api\\auth\\logout"
2025-12-12T18:51:41.247618Z  INFO get_globs:scan_sources: tailwindcss_oxide::scanner: Discovering "C:\\Users\\tanmo\\Downloads\\sms\\sms2\\app\\api\\auth\\session"
2025-12-12T18:51:41.248119Z  INFO get_globs:scan_sources: tailwindcss_oxide::scanner: Discovering "C:\\Users\\tanmo\\Downloads\\sms\\sms2\\app\\api\\notices"
2025-12-12T18:51:41.248542Z  INFO get_globs:scan_sources: tailwindcss_oxide::scanner: Discovering "C:\\Users\\tanmo\\Downloads\\sms\\sms2\\app\\api\\notices\\[id]"
2025-12-12T18:51:41.249180Z  INFO get_globs:scan_sources: tailwindcss_oxide::scanner: Discovering "C:\\Users\\tanmo\\Downloads\\sms\\sms2\\app\\api\\projects"
2025-12-12T18:51:41.249609Z  INFO get_globs:scan_sources: tailwindcss_oxide::scanner: Discovering "C:\\Users\\tanmo\\Downloads\\sms\\sms2\\app\\api\\projects\\[id]"
2025-12-12T18:51:41.250111Z  INFO get_globs:scan_sources: tailwindcss_oxide::scanner: Discovering "C:\\Users\\tanmo\\Downloads\\sms\\sms2\\app\\api\\students"
2025-12-12T18:51:41.250528Z  INFO get_globs:scan_sources: tailwindcss_oxide::scanner: Discovering "C:\\Users\\tanmo\\Downloads\\sms\\sms2\\app\\api\\students\\[id]"
2025-12-12T18:51:41.251050Z  INFO get_globs:scan_sources: tailwindcss_oxide::scanner: Discovering "C:\\Users\\tanmo\\Downloads\\sms\\sms2\\app\\api\\teachers"
2025-12-12T18:51:41.251477Z  INFO get_globs:scan_sources: tailwindcss_oxide::scanner: Discovering "C:\\Users\\tanmo\\Downloads\\sms\\sms2\\app\\api\\teachers\\[id]"
2025-12-12T18:51:41.252151Z  INFO get_globs:scan_sources: tailwindcss_oxide::scanner: Discovering "C:\\Users\\tanmo\\Downloads\\sms\\sms2\\app\\login"
2025-12-12T18:51:41.252809Z  INFO get_globs:scan_sources: tailwindcss_oxide::scanner: Discovering "C:\\Users\\tanmo\\Downloads\\sms\\sms2\\app\\projects"
2025-12-12T18:51:41.253301Z  INFO get_globs:scan_sources: tailwindcss_oxide::scanner: Discovering "C:\\Users\\tanmo\\Downloads\\sms\\sms2\\app\\student"
2025-12-12T18:51:41.253746Z  INFO get_globs:scan_sources: tailwindcss_oxide::scanner: Discovering "C:\\Users\\tanmo\\Downloads\\sms\\sms2\\app\\teacher"
2025-12-12T18:51:41.254361Z  INFO get_globs:scan_sources: tailwindcss_oxide::scanner: Discovering "C:\\Users\\tanmo\\Downloads\\sms\\sms2\\components"
2025-12-12T18:51:41.254778Z  INFO get_globs:scan_sources: tailwindcss_oxide::scanner: Discovering "C:\\Users\\tanmo\\Downloads\\sms\\sms2\\components\\admin"
2025-12-12T18:51:41.255380Z  INFO get_globs:scan_sources: tailwindcss_oxide::scanner: Discovering "C:\\Users\\tanmo\\Downloads\\sms\\sms2\\components\\ui"
2025-12-12T18:51:41.260635Z  INFO get_globs:scan_sources: tailwindcss_oxide::scanner: Discovering "C:\\Users\\tanmo\\Downloads\\sms\\sms2\\hooks"
2025-12-12T18:51:41.261294Z  INFO get_globs:scan_sources: tailwindcss_oxide::scanner: Discovering "C:\\Users\\tanmo\\Downloads\\sms\\sms2\\lib"
2025-12-12T18:51:41.263118Z  INFO get_globs:scan_sources: tailwindcss_oxide::scanner: Discovering "C:\\Users\\tanmo\\Downloads\\sms\\sms2\\public"
2025-12-12T18:51:41.263626Z  INFO get_globs:scan_sources: tailwindcss_oxide::scanner: Discovering "C:\\Users\\tanmo\\Downloads\\sms\\sms2\\public\\images"
2025-12-12T18:51:41.264368Z  INFO get_globs:scan_sources: tailwindcss_oxide::scanner: Discovering "C:\\Users\\tanmo\\Downloads\\sms\\sms2\\sms"
2025-12-12T18:51:41.265237Z  INFO get_globs:scan_sources: tailwindcss_oxide::scanner: Discovering "C:\\Users\\tanmo\\Downloads\\sms\\sms2\\styles"
2025-12-12T18:51:41.266104Z  INFO get_globs:scan_sources: tailwindcss_oxide::scanner: exit
2025-12-12T18:51:41.287956Z  INFO get_globs: tailwindcss_oxide::scanner: exit
2025-12-12T18:55:25.075722Z  INFO scan_sources: tailwindcss_oxide::scanner: enter
2025-12-12T18:55:25.077436Z  INFO scan_sources: tailwindcss_oxide::scanner: Discovering "C:\\Users\\tanmo\\Downloads\\sms\\sms2\\app"
2025-12-12T18:55:25.077663Z  INFO scan_sources: tailwindcss_oxide::scanner: Discovering "C:\\Users\\tanmo\\Downloads\\sms\\sms2\\app\\admin"
2025-12-12T18:55:25.077917Z  INFO scan_sources: tailwindcss_oxide::scanner: Discovering "C:\\Users\\tanmo\\Downloads\\sms\\sms2\\app\\admin\\attendance"
2025-12-12T18:55:25.078161Z  INFO scan_sources: tailwindcss_oxide::scanner: Discovering "C:\\Users\\tanmo\\Downloads\\sms\\sms2\\app\\admin\\notices"
2025-12-12T18:55:25.078408Z  INFO scan_sources: tailwindcss_oxide::scanner: Discovering "C:\\Users\\tanmo\\Downloads\\sms\\sms2\\app\\admin\\projects"
2025-12-12T18:55:25.078697Z  INFO scan_sources: tailwindcss_oxide::scanner: Discovering "C:\\Users\\tanmo\\Downloads\\sms\\sms2\\app\\admin\\students"
2025-12-12T18:55:25.078904Z  INFO scan_sources: tailwindcss_oxide::scanner: Discovering "C:\\Users\\tanmo\\Downloads\\sms\\sms2\\app\\admin\\teachers"
2025-12-12T18:55:25.079123Z  INFO scan_sources: tailwindcss_oxide::scanner: Discovering "C:\\Users\\tanmo\\Downloads\\sms\\sms2\\app\\api"
2025-12-12T18:55:25.079257Z  INFO scan_sources: tailwindcss_oxide::scanner: Discovering "C:\\Users\\tanmo\\Downloads\\sms\\sms2\\app\\api\\attendance"
2025-12-12T18:55:25.079411Z  INFO scan_sources: tailwindcss_oxide::scanner: Discovering "C:\\Users\\tanmo\\Downloads\\sms\\sms2\\app\\api\\attendance\\upsert"
2025-12-12T18:55:25.079601Z  INFO scan_sources: tailwindcss_oxide::scanner: Discovering "C:\\Users\\tanmo\\Downloads\\sms\\sms2\\app\\api\\attendance\\[id]"
2025-12-12T18:55:25.079792Z  INFO scan_sources: tailwindcss_oxide::scanner: Discovering "C:\\Users\\tanmo\\Downloads\\sms\\sms2\\app\\api\\auth"
2025-12-12T18:55:25.079921Z  INFO scan_sources: tailwindcss_oxide::scanner: Discovering "C:\\Users\\tanmo\\Downloads\\sms\\sms2\\app\\api\\auth\\logout"
2025-12-12T18:55:25.080134Z  INFO scan_sources: tailwindcss_oxide::scanner: Discovering "C:\\Users\\tanmo\\Downloads\\sms\\sms2\\app\\api\\auth\\session"
2025-12-12T18:55:25.080461Z  INFO scan_sources: tailwindcss_oxide::scanner: Discovering "C:\\Users\\tanmo\\Downloads\\sms\\sms2\\app\\api\\notices"
2025-12-12T18:55:25.080641Z  INFO scan_sources: tailwindcss_oxide::scanner: Discovering "C:\\Users\\tanmo\\Downloads\\sms\\sms2\\app\\api\\notices\\[id]"
2025-12-12T18:55:25.080866Z  INFO scan_sources: tailwindcss_oxide::scanner: Discovering "C:\\Users\\tanmo\\Downloads\\sms\\sms2\\app\\api\\projects"
2025-12-12T18:55:25.081074Z  INFO scan_sources: tailwindcss_oxide::scanner: Discovering "C:\\Users\\tanmo\\Downloads\\sms\\sms2\\app\\api\\projects\\[id]"
2025-12-12T18:55:25.081468Z  INFO scan_sources: tailwindcss_oxide::scanner: Discovering "C:\\Users\\tanmo\\Downloads\\sms\\sms2\\app\\api\\students"
2025-12-12T18:55:25.081769Z  INFO scan_sources: tailwindcss_oxide::scanner: Discovering "C:\\Users\\tanmo\\Downloads\\sms\\sms2\\app\\api\\students\\[id]"
2025-12-12T18:55:25.082151Z  INFO scan_sources: tailwindcss_oxide::scanner: Discovering "C:\\Users\\tanmo\\Downloads\\sms\\sms2\\app\\api\\teachers"
2025-12-12T18:55:25.082523Z  INFO scan_sources: tailwindcss_oxide::scanner: Discovering "C:\\Users\\tanmo\\Downloads\\sms\\sms2\\app\\api\\teachers\\[id]"
2025-12-12T18:55:25.083042Z  INFO scan_sources: tailwindcss_oxide::scanner: Discovering "C:\\Users\\tanmo\\Downloads\\sms\\sms2\\app\\login"
2025-12-12T18:55:25.083519Z  INFO scan_sources: tailwindcss_oxide::scanner: Discovering "C:\\Users\\tanmo\\Downloads\\sms\\sms2\\app\\projects"
2025-12-12T18:55:25.083835Z  INFO scan_sources: tailwindcss_oxide::scanner: Discovering "C:\\Users\\tanmo\\Downloads\\sms\\sms2\\app\\student"
2025-12-12T18:55:25.084132Z  INFO scan_sources: tailwindcss_oxide::scanner: Discovering "C:\\Users\\tanmo\\Downloads\\sms\\sms2\\app\\teacher"
2025-12-12T18:55:25.084464Z  INFO scan_sources: tailwindcss_oxide::scanner: Discovering "C:\\Users\\tanmo\\Downloads\\sms\\sms2\\components"
2025-12-12T18:55:25.084665Z  INFO scan_sources: tailwindcss_oxide::scanner: Discovering "C:\\Users\\tanmo\\Downloads\\sms\\sms2\\components\\admin"
2025-12-12T18:55:25.085007Z  INFO scan_sources: tailwindcss_oxide::scanner: Discovering "C:\\Users\\tanmo\\Downloads\\sms\\sms2\\components\\ui"
2025-12-12T18:55:25.088665Z  INFO scan_sources: tailwindcss_oxide::scanner: Discovering "C:\\Users\\tanmo\\Downloads\\sms\\sms2\\hooks"
2025-12-12T18:55:25.089254Z  INFO scan_sources: tailwindcss_oxide::scanner: Discovering "C:\\Users\\tanmo\\Downloads\\sms\\sms2\\lib"
2025-12-12T18:55:25.089492Z  INFO scan_sources: tailwindcss_oxide::scanner: Discovering "C:\\Users\\tanmo\\Downloads\\sms\\sms2\\lib\\attendance-db.ts"
2025-12-12T18:55:25.090627Z  INFO scan_sources: tailwindcss_oxide::scanner: Discovering "C:\\Users\\tanmo\\Downloads\\sms\\sms2\\public"
2025-12-12T18:55:25.091075Z  INFO scan_sources: tailwindcss_oxide::scanner: Discovering "C:\\Users\\tanmo\\Downloads\\sms\\sms2\\public\\images"
2025-12-12T18:55:25.091561Z  INFO scan_sources: tailwindcss_oxide::scanner: Discovering "C:\\Users\\tanmo\\Downloads\\sms\\sms2\\sms"
2025-12-12T18:55:25.092122Z  INFO scan_sources: tailwindcss_oxide::scanner: Discovering "C:\\Users\\tanmo\\Downloads\\sms\\sms2\\styles"
2025-12-12T18:55:25.092751Z  INFO scan_sources: tailwindcss_oxide::scanner: exit
2025-12-12T18:55:25.092777Z  INFO extract_candidates: tailwindcss_oxide::scanner: enter
2025-12-12T18:55:25.092785Z  INFO extract_candidates:read_all_files: tailwindcss_oxide::scanner: enter
2025-12-12T18:55:25.092790Z  INFO extract_candidates:read_all_files: tailwindcss_oxide::scanner: Reading 1 file(s)
2025-12-12T18:55:25.092931Z  INFO extract_candidates:read_all_files: tailwindcss_oxide::scanner: Reading "C:\\Users\\tanmo\\Downloads\\sms\\sms2\\lib\\attendance-db.ts"
2025-12-12T18:55:25.092949Z  INFO extract_candidates:read_all_files: tailwindcss_oxide::scanner: exit
2025-12-12T18:55:25.092956Z  INFO extract_candidates:parse_all_blobs: tailwindcss_oxide::scanner: enter
2025-12-12T18:55:25.092963Z  INFO extract_candidates:parse_all_blobs:extract: tailwindcss_oxide::scanner: enter
2025-12-12T18:55:25.093231Z  INFO extract_candidates:parse_all_blobs:extract: tailwindcss_oxide::scanner: exit
2025-12-12T18:55:25.093271Z  INFO extract_candidates:parse_all_blobs: tailwindcss_oxide::scanner: exit
2025-12-12T18:55:25.093335Z  INFO extract_candidates: tailwindcss_oxide::scanner: exit
2025-12-12T18:55:25.095065Z  INFO get_files: tailwindcss_oxide::scanner: enter
2025-12-12T18:55:25.095094Z  INFO get_files:scan_sources: tailwindcss_oxide::scanner: enter
2025-12-12T18:55:25.096695Z  INFO get_files:scan_sources: tailwindcss_oxide::scanner: Discovering "C:\\Users\\tanmo\\Downloads\\sms\\sms2\\app"
2025-12-12T18:55:25.096955Z  INFO get_files:scan_sources: tailwindcss_oxide::scanner: Discovering "C:\\Users\\tanmo\\Downloads\\sms\\sms2\\app\\admin"
2025-12-12T18:55:25.097240Z  INFO get_files:scan_sources: tailwindcss_oxide::scanner: Discovering "C:\\Users\\tanmo\\Downloads\\sms\\sms2\\app\\admin\\attendance"
2025-12-12T18:55:25.097488Z  INFO get_files:scan_sources: tailwindcss_oxide::scanner: Discovering "C:\\Users\\tanmo\\Downloads\\sms\\sms2\\app\\admin\\notices"
2025-12-12T18:55:25.097680Z  INFO get_files:scan_sources: tailwindcss_oxide::scanner: Discovering "C:\\Users\\tanmo\\Downloads\\sms\\sms2\\app\\admin\\projects"
2025-12-12T18:55:25.097889Z  INFO get_files:scan_sources: tailwindcss_oxide::scanner: Discovering "C:\\Users\\tanmo\\Downloads\\sms\\sms2\\app\\admin\\students"
2025-12-12T18:55:25.098098Z  INFO get_files:scan_sources: tailwindcss_oxide::scanner: Discovering "C:\\Users\\tanmo\\Downloads\\sms\\sms2\\app\\admin\\teachers"
2025-12-12T18:55:25.098303Z  INFO get_files:scan_sources: tailwindcss_oxide::scanner: Discovering "C:\\Users\\tanmo\\Downloads\\sms\\sms2\\app\\api"
2025-12-12T18:55:25.098425Z  INFO get_files:scan_sources: tailwindcss_oxide::scanner: Discovering "C:\\Users\\tanmo\\Downloads\\sms\\sms2\\app\\api\\attendance"
2025-12-12T18:55:25.098610Z  INFO get_files:scan_sources: tailwindcss_oxide::scanner: Discovering "C:\\Users\\tanmo\\Downloads\\sms\\sms2\\app\\api\\attendance\\upsert"
2025-12-12T18:55:25.098852Z  INFO get_files:scan_sources: tailwindcss_oxide::scanner: Discovering "C:\\Users\\tanmo\\Downloads\\sms\\sms2\\app\\api\\attendance\\[id]"
2025-12-12T18:55:25.099138Z  INFO get_files:scan_sources: tailwindcss_oxide::scanner: Discovering "C:\\Users\\tanmo\\Downloads\\sms\\sms2\\app\\api\\auth"
2025-12-12T18:55:25.099286Z  INFO get_files:scan_sources: tailwindcss_oxide::scanner: Discovering "C:\\Users\\tanmo\\Downloads\\sms\\sms2\\app\\api\\auth\\logout"
2025-12-12T18:55:25.099460Z  INFO get_files:scan_sources: tailwindcss_oxide::scanner: Discovering "C:\\Users\\tanmo\\Downloads\\sms\\sms2\\app\\api\\auth\\session"
2025-12-12T18:55:25.099675Z  INFO get_files:scan_sources: tailwindcss_oxide::scanner: Discovering "C:\\Users\\tanmo\\Downloads\\sms\\sms2\\app\\api\\notices"
2025-12-12T18:55:25.099866Z  INFO get_files:scan_sources: tailwindcss_oxide::scanner: Discovering "C:\\Users\\tanmo\\Downloads\\sms\\sms2\\app\\api\\notices\\[id]"
2025-12-12T18:55:25.100163Z  INFO get_files:scan_sources: tailwindcss_oxide::scanner: Discovering "C:\\Users\\tanmo\\Downloads\\sms\\sms2\\app\\api\\projects"
2025-12-12T18:55:25.100316Z  INFO get_files:scan_sources: tailwindcss_oxide::scanner: Discovering "C:\\Users\\tanmo\\Downloads\\sms\\sms2\\app\\api\\projects\\[id]"
2025-12-12T18:55:25.100517Z  INFO get_files:scan_sources: tailwindcss_oxide::scanner: Discovering "C:\\Users\\tanmo\\Downloads\\sms\\sms2\\app\\api\\students"
2025-12-12T18:55:25.100727Z  INFO get_files:scan_sources: tailwindcss_oxide::scanner: Discovering "C:\\Users\\tanmo\\Downloads\\sms\\sms2\\app\\api\\students\\[id]"
2025-12-12T18:55:25.101013Z  INFO get_files:scan_sources: tailwindcss_oxide::scanner: Discovering "C:\\Users\\tanmo\\Downloads\\sms\\sms2\\app\\api\\teachers"
2025-12-12T18:55:25.101318Z  INFO get_files:scan_sources: tailwindcss_oxide::scanner: Discovering "C:\\Users\\tanmo\\Downloads\\sms\\sms2\\app\\api\\teachers\\[id]"
2025-12-12T18:55:25.101696Z  INFO get_files:scan_sources: tailwindcss_oxide::scanner: Discovering "C:\\Users\\tanmo\\Downloads\\sms\\sms2\\app\\login"
2025-12-12T18:55:25.102688Z  INFO get_files:scan_sources: tailwindcss_oxide::scanner: Discovering "C:\\Users\\tanmo\\Downloads\\sms\\sms2\\app\\projects"
2025-12-12T18:55:25.102953Z  INFO get_files:scan_sources: tailwindcss_oxide::scanner: Discovering "C:\\Users\\tanmo\\Downloads\\sms\\sms2\\app\\student"
2025-12-12T18:55:25.103162Z  INFO get_files:scan_sources: tailwindcss_oxide::scanner: Discovering "C:\\Users\\tanmo\\Downloads\\sms\\sms2\\app\\teacher"
2025-12-12T18:55:25.103373Z  INFO get_files:scan_sources: tailwindcss_oxide::scanner: Discovering "C:\\Users\\tanmo\\Downloads\\sms\\sms2\\components"
2025-12-12T18:55:25.103513Z  INFO get_files:scan_sources: tailwindcss_oxide::scanner: Discovering "C:\\Users\\tanmo\\Downloads\\sms\\sms2\\components\\admin"
2025-12-12T18:55:25.103739Z  INFO get_files:scan_sources: tailwindcss_oxide::scanner: Discovering "C:\\Users\\tanmo\\Downloads\\sms\\sms2\\components\\ui"
2025-12-12T18:55:25.105412Z  INFO get_files:scan_sources: tailwindcss_oxide::scanner: Discovering "C:\\Users\\tanmo\\Downloads\\sms\\sms2\\hooks"
2025-12-12T18:55:25.105651Z  INFO get_files:scan_sources: tailwindcss_oxide::scanner: Discovering "C:\\Users\\tanmo\\Downloads\\sms\\sms2\\lib"
2025-12-12T18:55:25.106347Z  INFO get_files:scan_sources: tailwindcss_oxide::scanner: Discovering "C:\\Users\\tanmo\\Downloads\\sms\\sms2\\public"
2025-12-12T18:55:25.106520Z  INFO get_files:scan_sources: tailwindcss_oxide::scanner: Discovering "C:\\Users\\tanmo\\Downloads\\sms\\sms2\\public\\images"
2025-12-12T18:55:25.106788Z  INFO get_files:scan_sources: tailwindcss_oxide::scanner: Discovering "C:\\Users\\tanmo\\Downloads\\sms\\sms2\\sms"
2025-12-12T18:55:25.107120Z  INFO get_files:scan_sources: tailwindcss_oxide::scanner: Discovering "C:\\Users\\tanmo\\Downloads\\sms\\sms2\\styles"
2025-12-12T18:55:25.107392Z  INFO get_files:scan_sources: tailwindcss_oxide::scanner: exit
2025-12-12T18:55:25.107588Z  INFO get_files: tailwindcss_oxide::scanner: exit
2025-12-12T18:55:25.108135Z  INFO get_globs: tailwindcss_oxide::scanner: enter
2025-12-12T18:55:25.108160Z  INFO get_globs: tailwindcss_oxide::scanner: exit
2025-12-12T18:55:25.231627Z  INFO scan_sources: tailwindcss_oxide::scanner: enter
2025-12-12T18:55:25.234163Z  INFO scan_sources: tailwindcss_oxide::scanner: Discovering "C:\\Users\\tanmo\\Downloads\\sms\\sms2\\app"
2025-12-12T18:55:25.234444Z  INFO scan_sources: tailwindcss_oxide::scanner: Discovering "C:\\Users\\tanmo\\Downloads\\sms\\sms2\\app\\admin"
2025-12-12T18:55:25.234683Z  INFO scan_sources: tailwindcss_oxide::scanner: Discovering "C:\\Users\\tanmo\\Downloads\\sms\\sms2\\app\\admin\\attendance"
2025-12-12T18:55:25.235131Z  INFO scan_sources: tailwindcss_oxide::scanner: Discovering "C:\\Users\\tanmo\\Downloads\\sms\\sms2\\app\\admin\\notices"
2025-12-12T18:55:25.235560Z  INFO scan_sources: tailwindcss_oxide::scanner: Discovering "C:\\Users\\tanmo\\Downloads\\sms\\sms2\\app\\admin\\projects"
2025-12-12T18:55:25.235772Z  INFO scan_sources: tailwindcss_oxide::scanner: Discovering "C:\\Users\\tanmo\\Downloads\\sms\\sms2\\app\\admin\\students"
2025-12-12T18:55:25.235974Z  INFO scan_sources: tailwindcss_oxide::scanner: Discovering "C:\\Users\\tanmo\\Downloads\\sms\\sms2\\app\\admin\\teachers"
2025-12-12T18:55:25.236405Z  INFO scan_sources: tailwindcss_oxide::scanner: Discovering "C:\\Users\\tanmo\\Downloads\\sms\\sms2\\app\\api"
2025-12-12T18:55:25.236594Z  INFO scan_sources: tailwindcss_oxide::scanner: Discovering "C:\\Users\\tanmo\\Downloads\\sms\\sms2\\app\\api\\attendance"
2025-12-12T18:55:25.236760Z  INFO scan_sources: tailwindcss_oxide::scanner: Discovering "C:\\Users\\tanmo\\Downloads\\sms\\sms2\\app\\api\\attendance\\route.ts"
2025-12-12T18:55:25.236915Z  INFO scan_sources: tailwindcss_oxide::scanner: Discovering "C:\\Users\\tanmo\\Downloads\\sms\\sms2\\app\\api\\attendance\\upsert"
2025-12-12T18:55:25.237081Z  INFO scan_sources: tailwindcss_oxide::scanner: Discovering "C:\\Users\\tanmo\\Downloads\\sms\\sms2\\app\\api\\attendance\\upsert\\route.ts"
2025-12-12T18:55:25.237251Z  INFO scan_sources: tailwindcss_oxide::scanner: Discovering "C:\\Users\\tanmo\\Downloads\\sms\\sms2\\app\\api\\attendance\\[id]"
2025-12-12T18:55:25.237386Z  INFO scan_sources: tailwindcss_oxide::scanner: Discovering "C:\\Users\\tanmo\\Downloads\\sms\\sms2\\app\\api\\attendance\\[id]\\route.ts"
2025-12-12T18:55:25.237542Z  INFO scan_sources: tailwindcss_oxide::scanner: Discovering "C:\\Users\\tanmo\\Downloads\\sms\\sms2\\app\\api\\auth"
2025-12-12T18:55:25.237681Z  INFO scan_sources: tailwindcss_oxide::scanner: Discovering "C:\\Users\\tanmo\\Downloads\\sms\\sms2\\app\\api\\auth\\logout"
2025-12-12T18:55:25.237852Z  INFO scan_sources: tailwindcss_oxide::scanner: Discovering "C:\\Users\\tanmo\\Downloads\\sms\\sms2\\app\\api\\auth\\session"
2025-12-12T18:55:25.238026Z  INFO scan_sources: tailwindcss_oxide::scanner: Discovering "C:\\Users\\tanmo\\Downloads\\sms\\sms2\\app\\api\\notices"
2025-12-12T18:55:25.238221Z  INFO scan_sources: tailwindcss_oxide::scanner: Discovering "C:\\Users\\tanmo\\Downloads\\sms\\sms2\\app\\api\\notices\\[id]"
2025-12-12T18:55:25.238392Z  INFO scan_sources: tailwindcss_oxide::scanner: Discovering "C:\\Users\\tanmo\\Downloads\\sms\\sms2\\app\\api\\projects"
2025-12-12T18:55:25.238529Z  INFO scan_sources: tailwindcss_oxide::scanner: Discovering "C:\\Users\\tanmo\\Downloads\\sms\\sms2\\app\\api\\projects\\[id]"
2025-12-12T18:55:25.238700Z  INFO scan_sources: tailwindcss_oxide::scanner: Discovering "C:\\Users\\tanmo\\Downloads\\sms\\sms2\\app\\api\\students"
2025-12-12T18:55:25.238841Z  INFO scan_sources: tailwindcss_oxide::scanner: Discovering "C:\\Users\\tanmo\\Downloads\\sms\\sms2\\app\\api\\students\\[id]"
2025-12-12T18:55:25.239019Z  INFO scan_sources: tailwindcss_oxide::scanner: Discovering "C:\\Users\\tanmo\\Downloads\\sms\\sms2\\app\\api\\teachers"
2025-12-12T18:55:25.239155Z  INFO scan_sources: tailwindcss_oxide::scanner: Discovering "C:\\Users\\tanmo\\Downloads\\sms\\sms2\\app\\api\\teachers\\[id]"
2025-12-12T18:55:25.239402Z  INFO scan_sources: tailwindcss_oxide::scanner: Discovering "C:\\Users\\tanmo\\Downloads\\sms\\sms2\\app\\login"
2025-12-12T18:55:25.239643Z  INFO scan_sources: tailwindcss_oxide::scanner: Discovering "C:\\Users\\tanmo\\Downloads\\sms\\sms2\\app\\projects"
2025-12-12T18:55:25.239795Z  INFO scan_sources: tailwindcss_oxide::scanner: Discovering "C:\\Users\\tanmo\\Downloads\\sms\\sms2\\app\\student"
2025-12-12T18:55:25.239947Z  INFO scan_sources: tailwindcss_oxide::scanner: Discovering "C:\\Users\\tanmo\\Downloads\\sms\\sms2\\app\\teacher"
2025-12-12T18:55:25.240171Z  INFO scan_sources: tailwindcss_oxide::scanner: Discovering "C:\\Users\\tanmo\\Downloads\\sms\\sms2\\components"
2025-12-12T18:55:25.240316Z  INFO scan_sources: tailwindcss_oxide::scanner: Discovering "C:\\Users\\tanmo\\Downloads\\sms\\sms2\\components\\admin"
2025-12-12T18:55:25.240573Z  INFO scan_sources: tailwindcss_oxide::scanner: Discovering "C:\\Users\\tanmo\\Downloads\\sms\\sms2\\components\\ui"
2025-12-12T18:55:25.242718Z  INFO scan_sources: tailwindcss_oxide::scanner: Discovering "C:\\Users\\tanmo\\Downloads\\sms\\sms2\\hooks"
2025-12-12T18:55:25.242897Z  INFO scan_sources: tailwindcss_oxide::scanner: Discovering "C:\\Users\\tanmo\\Downloads\\sms\\sms2\\hooks\\use-persistent-store.ts"
2025-12-12T18:55:25.243032Z  INFO scan_sources: tailwindcss_oxide::scanner: Discovering "C:\\Users\\tanmo\\Downloads\\sms\\sms2\\lib"
2025-12-12T18:55:25.243430Z  INFO scan_sources: tailwindcss_oxide::scanner: Discovering "C:\\Users\\tanmo\\Downloads\\sms\\sms2\\lib\\types.ts"
2025-12-12T18:55:25.243915Z  INFO scan_sources: tailwindcss_oxide::scanner: Discovering "C:\\Users\\tanmo\\Downloads\\sms\\sms2\\public"
2025-12-12T18:55:25.244094Z  INFO scan_sources: tailwindcss_oxide::scanner: Discovering "C:\\Users\\tanmo\\Downloads\\sms\\sms2\\public\\images"
2025-12-12T18:55:25.244382Z  INFO scan_sources: tailwindcss_oxide::scanner: Discovering "C:\\Users\\tanmo\\Downloads\\sms\\sms2\\sms"
2025-12-12T18:55:25.244718Z  INFO scan_sources: tailwindcss_oxide::scanner: Discovering "C:\\Users\\tanmo\\Downloads\\sms\\sms2\\styles"
2025-12-12T18:55:25.245028Z  INFO scan_sources: tailwindcss_oxide::scanner: exit
2025-12-12T18:55:25.245053Z  INFO extract_candidates: tailwindcss_oxide::scanner: enter
2025-12-12T18:55:25.245062Z  INFO extract_candidates:read_all_files: tailwindcss_oxide::scanner: enter
2025-12-12T18:55:25.245066Z  INFO extract_candidates:read_all_files: tailwindcss_oxide::scanner: Reading 5 file(s)
2025-12-12T18:55:25.245308Z  INFO tailwindcss_oxide::scanner: Reading "C:\\Users\\tanmo\\Downloads\\sms\\sms2\\lib\\types.ts"
2025-12-12T18:55:25.245310Z  INFO tailwindcss_oxide::scanner: Reading "C:\\Users\\tanmo\\Downloads\\sms\\sms2\\app\\api\\attendance\\route.ts"
2025-12-12T18:55:25.245357Z  INFO tailwindcss_oxide::scanner: Reading "C:\\Users\\tanmo\\Downloads\\sms\\sms2\\hooks\\use-persistent-store.ts"
2025-12-12T18:55:25.245367Z  INFO tailwindcss_oxide::scanner: Reading "C:\\Users\\tanmo\\Downloads\\sms\\sms2\\app\\api\\attendance\\[id]\\route.ts"
2025-12-12T18:55:25.245384Z  INFO tailwindcss_oxide::scanner: Reading "C:\\Users\\tanmo\\Downloads\\sms\\sms2\\app\\api\\attendance\\upsert\\route.ts"
2025-12-12T18:55:25.245437Z  INFO extract_candidates:read_all_files: tailwindcss_oxide::scanner: exit
2025-12-12T18:55:25.245460Z  INFO extract_candidates:parse_all_blobs: tailwindcss_oxide::scanner: enter
2025-12-12T18:55:25.245467Z  INFO extract_candidates:parse_all_blobs:extract: tailwindcss_oxide::scanner: enter
2025-12-12T18:55:25.245835Z  INFO extract_candidates:parse_all_blobs:extract: tailwindcss_oxide::scanner: exit
2025-12-12T18:55:25.245867Z  INFO extract_candidates:parse_all_blobs: tailwindcss_oxide::scanner: exit
2025-12-12T18:55:25.246081Z  INFO extract_candidates: tailwindcss_oxide::scanner: exit
2025-12-12T18:55:25.247964Z  INFO get_files: tailwindcss_oxide::scanner: enter
2025-12-12T18:55:25.248039Z  INFO get_files:scan_sources: tailwindcss_oxide::scanner: enter
2025-12-12T18:55:25.251265Z  INFO get_files:scan_sources: tailwindcss_oxide::scanner: Discovering "C:\\Users\\tanmo\\Downloads\\sms\\sms2\\app"
2025-12-12T18:55:25.251864Z  INFO get_files:scan_sources: tailwindcss_oxide::scanner: Discovering "C:\\Users\\tanmo\\Downloads\\sms\\sms2\\app\\admin"
2025-12-12T18:55:25.252138Z  INFO get_files:scan_sources: tailwindcss_oxide::scanner: Discovering "C:\\Users\\tanmo\\Downloads\\sms\\sms2\\app\\admin\\attendance"
2025-12-12T18:55:25.252544Z  INFO get_files:scan_sources: tailwindcss_oxide::scanner: Discovering "C:\\Users\\tanmo\\Downloads\\sms\\sms2\\app\\admin\\notices"
2025-12-12T18:55:25.252872Z  INFO get_files:scan_sources: tailwindcss_oxide::scanner: Discovering "C:\\Users\\tanmo\\Downloads\\sms\\sms2\\app\\admin\\projects"
2025-12-12T18:55:25.253104Z  INFO get_files:scan_sources: tailwindcss_oxide::scanner: Discovering "C:\\Users\\tanmo\\Downloads\\sms\\sms2\\app\\admin\\students"
2025-12-12T18:55:25.253344Z  INFO get_files:scan_sources: tailwindcss_oxide::scanner: Discovering "C:\\Users\\tanmo\\Downloads\\sms\\sms2\\app\\admin\\teachers"
2025-12-12T18:55:25.253558Z  INFO get_files:scan_sources: tailwindcss_oxide::scanner: Discovering "C:\\Users\\tanmo\\Downloads\\sms\\sms2\\app\\api"
2025-12-12T18:55:25.253694Z  INFO get_files:scan_sources: tailwindcss_oxide::scanner: Discovering "C:\\Users\\tanmo\\Downloads\\sms\\sms2\\app\\api\\attendance"
2025-12-12T18:55:25.253862Z  INFO get_files:scan_sources: tailwindcss_oxide::scanner: Discovering "C:\\Users\\tanmo\\Downloads\\sms\\sms2\\app\\api\\attendance\\upsert"
2025-12-12T18:55:25.254045Z  INFO get_files:scan_sources: tailwindcss_oxide::scanner: Discovering "C:\\Users\\tanmo\\Downloads\\sms\\sms2\\app\\api\\attendance\\[id]"
2025-12-12T18:55:25.254241Z  INFO get_files:scan_sources: tailwindcss_oxide::scanner: Discovering "C:\\Users\\tanmo\\Downloads\\sms\\sms2\\app\\api\\auth"
2025-12-12T18:55:25.254426Z  INFO get_files:scan_sources: tailwindcss_oxide::scanner: Discovering "C:\\Users\\tanmo\\Downloads\\sms\\sms2\\app\\api\\auth\\logout"
2025-12-12T18:55:25.254707Z  INFO get_files:scan_sources: tailwindcss_oxide::scanner: Discovering "C:\\Users\\tanmo\\Downloads\\sms\\sms2\\app\\api\\auth\\session"
2025-12-12T18:55:25.254956Z  INFO get_files:scan_sources: tailwindcss_oxide::scanner: Discovering "C:\\Users\\tanmo\\Downloads\\sms\\sms2\\app\\api\\notices"
2025-12-12T18:55:25.255134Z  INFO get_files:scan_sources: tailwindcss_oxide::scanner: Discovering "C:\\Users\\tanmo\\Downloads\\sms\\sms2\\app\\api\\notices\\[id]"
2025-12-12T18:55:25.255329Z  INFO get_files:scan_sources: tailwindcss_oxide::scanner: Discovering "C:\\Users\\tanmo\\Downloads\\sms\\sms2\\app\\api\\projects"
2025-12-12T18:55:25.255485Z  INFO get_files:scan_sources: tailwindcss_oxide::scanner: Discovering "C:\\Users\\tanmo\\Downloads\\sms\\sms2\\app\\api\\projects\\[id]"
2025-12-12T18:55:25.255662Z  INFO get_files:scan_sources: tailwindcss_oxide::scanner: Discovering "C:\\Users\\tanmo\\Downloads\\sms\\sms2\\app\\api\\students"
2025-12-12T18:55:25.255803Z  INFO get_files:scan_sources: tailwindcss_oxide::scanner: Discovering "C:\\Users\\tanmo\\Downloads\\sms\\sms2\\app\\api\\students\\[id]"
2025-12-12T18:55:25.255988Z  INFO get_files:scan_sources: tailwindcss_oxide::scanner: Discovering "C:\\Users\\tanmo\\Downloads\\sms\\sms2\\app\\api\\teachers"
2025-12-12T18:55:25.256133Z  INFO get_files:scan_sources: tailwindcss_oxide::scanner: Discovering "C:\\Users\\tanmo\\Downloads\\sms\\sms2\\app\\api\\teachers\\[id]"
2025-12-12T18:55:25.256402Z  INFO get_files:scan_sources: tailwindcss_oxide::scanner: Discovering "C:\\Users\\tanmo\\Downloads\\sms\\sms2\\app\\login"
2025-12-12T18:55:25.256642Z  INFO get_files:scan_sources: tailwindcss_oxide::scanner: Discovering "C:\\Users\\tanmo\\Downloads\\sms\\sms2\\app\\projects"
2025-12-12T18:55:25.256827Z  INFO get_files:scan_sources: tailwindcss_oxide::scanner: Discovering "C:\\Users\\tanmo\\Downloads\\sms\\sms2\\app\\student"
2025-12-12T18:55:25.256989Z  INFO get_files:scan_sources: tailwindcss_oxide::scanner: Discovering "C:\\Users\\tanmo\\Downloads\\sms\\sms2\\app\\teacher"
2025-12-12T18:55:25.257237Z  INFO get_files:scan_sources: tailwindcss_oxide::scanner: Discovering "C:\\Users\\tanmo\\Downloads\\sms\\sms2\\components"
2025-12-12T18:55:25.257431Z  INFO get_files:scan_sources: tailwindcss_oxide::scanner: Discovering "C:\\Users\\tanmo\\Downloads\\sms\\sms2\\components\\admin"
2025-12-12T18:55:25.257684Z  INFO get_files:scan_sources: tailwindcss_oxide::scanner: Discovering "C:\\Users\\tanmo\\Downloads\\sms\\sms2\\components\\ui"
2025-12-12T18:55:25.259475Z  INFO get_files:scan_sources: tailwindcss_oxide::scanner: Discovering "C:\\Users\\tanmo\\Downloads\\sms\\sms2\\hooks"
2025-12-12T18:55:25.259749Z  INFO get_files:scan_sources: tailwindcss_oxide::scanner: Discovering "C:\\Users\\tanmo\\Downloads\\sms\\sms2\\lib"
2025-12-12T18:55:25.260386Z  INFO get_files:scan_sources: tailwindcss_oxide::scanner: Discovering "C:\\Users\\tanmo\\Downloads\\sms\\sms2\\public"
2025-12-12T18:55:25.260558Z  INFO get_files:scan_sources: tailwindcss_oxide::scanner: Discovering "C:\\Users\\tanmo\\Downloads\\sms\\sms2\\public\\images"
2025-12-12T18:55:25.260837Z  INFO get_files:scan_sources: tailwindcss_oxide::scanner: Discovering "C:\\Users\\tanmo\\Downloads\\sms\\sms2\\sms"
2025-12-12T18:55:25.261182Z  INFO get_files:scan_sources: tailwindcss_oxide::scanner: Discovering "C:\\Users\\tanmo\\Downloads\\sms\\sms2\\styles"
2025-12-12T18:55:25.261410Z  INFO get_files:scan_sources: tailwindcss_oxide::scanner: exit
2025-12-12T18:55:25.261585Z  INFO get_files: tailwindcss_oxide::scanner: exit
2025-12-12T18:55:25.261853Z  INFO get_globs: tailwindcss_oxide::scanner: enter
2025-12-12T18:55:25.261862Z  INFO get_globs: tailwindcss_oxide::scanner: exit
